[ 2020-04-02T10:59:40+08:00 ] ::1 /treehole/index.php/home/Message/do_like
INFO: [ app_init ] --START--
INFO: Run Behavior\BuildLiteBehavior [ RunTime:0.000007s ]
INFO: [ app_init ] --END-- [ RunTime:0.001092s ]
INFO: [ app_begin ] --START--
INFO: Run Behavior\ReadHtmlCacheBehavior [ RunTime:0.000999s ]
INFO: [ app_begin ] --END-- [ RunTime:0.001030s ]
ERR: syntax error, unexpected '}'

[ 2020-04-02T10:59:50+08:00 ] ::1 /treehole/index.php/home/Message/do_like
INFO: [ app_init ] --START--
INFO: Run Behavior\BuildLiteBehavior [ RunTime:0.000010s ]
INFO: [ app_init ] --END-- [ RunTime:0.000622s ]
INFO: [ app_begin ] --START--
INFO: Run Behavior\ReadHtmlCacheBehavior [ RunTime:0.001535s ]
INFO: [ app_begin ] --END-- [ RunTime:0.001617s ]
NOTIC: [2] Use of undefined constant _POST - assumed '_POST' (this will throw an Error in a future version of PHP) D:\phpstudy_pro\WWW\treehole\Application\Home\Controller\MessageController.class.php 第 151 行.
NOTIC: [2] Illegal string offset 'message_id' D:\phpstudy_pro\WWW\treehole\Application\Home\Controller\MessageController.class.php 第 151 行.
NOTIC: [2] Use of undefined constant _POST - assumed '_POST' (this will throw an Error in a future version of PHP) D:\phpstudy_pro\WWW\treehole\Application\Home\Controller\MessageController.class.php 第 161 行.
NOTIC: [2] Illegal string offset 'user_id' D:\phpstudy_pro\WWW\treehole\Application\Home\Controller\MessageController.class.php 第 161 行.
SQL: SHOW COLUMNS FROM `message` [ RunTime:0.0471s ]
NOTIC: [8] Undefined index: message_id D:\phpstudy_pro\WWW\treehole\Application\Home\Controller\MessageController.class.php 第 177 行.
SQL: SELECT * FROM `message` WHERE `id` = null LIMIT 1   [ RunTime:0.0006s ]
INFO: [ app_end ] --START--
INFO: Run Behavior\ShowPageTraceBehavior [ RunTime:0.019701s ]
INFO: [ app_end ] --END-- [ RunTime:0.019739s ]

[ 2020-04-02T11:00:19+08:00 ] ::1 /treehole/index.php/home/Message/do_like
INFO: [ app_init ] --START--
INFO: Run Behavior\BuildLiteBehavior [ RunTime:0.000004s ]
INFO: [ app_init ] --END-- [ RunTime:0.000295s ]
INFO: [ app_begin ] --START--
INFO: Run Behavior\ReadHtmlCacheBehavior [ RunTime:0.000365s ]
INFO: [ app_begin ] --END-- [ RunTime:0.000383s ]
NOTIC: [2] Use of undefined constant _POST - assumed '_POST' (this will throw an Error in a future version of PHP) D:\phpstudy_pro\WWW\treehole\Application\Home\Controller\MessageController.class.php 第 151 行.
NOTIC: [2] Illegal string offset 'message_id' D:\phpstudy_pro\WWW\treehole\Application\Home\Controller\MessageController.class.php 第 151 行.
NOTIC: [2] Use of undefined constant _POST - assumed '_POST' (this will throw an Error in a future version of PHP) D:\phpstudy_pro\WWW\treehole\Application\Home\Controller\MessageController.class.php 第 161 行.
NOTIC: [2] Illegal string offset 'user_id' D:\phpstudy_pro\WWW\treehole\Application\Home\Controller\MessageController.class.php 第 161 行.
SQL: SHOW COLUMNS FROM `message` [ RunTime:0.0034s ]
NOTIC: [8] Undefined index: message_id D:\phpstudy_pro\WWW\treehole\Application\Home\Controller\MessageController.class.php 第 177 行.
SQL: SELECT * FROM `message` WHERE `id` = null LIMIT 1   [ RunTime:0.0002s ]
INFO: [ app_end ] --START--
INFO: Run Behavior\ShowPageTraceBehavior [ RunTime:0.000559s ]
INFO: [ app_end ] --END-- [ RunTime:0.000579s ]

[ 2020-04-02T11:01:03+08:00 ] ::1 /treehole/index.php/home/Message/do_like
INFO: [ app_init ] --START--
INFO: Run Behavior\BuildLiteBehavior [ RunTime:0.000008s ]
INFO: [ app_init ] --END-- [ RunTime:0.000474s ]
INFO: [ app_begin ] --START--
INFO: Run Behavior\ReadHtmlCacheBehavior [ RunTime:0.000540s ]
INFO: [ app_begin ] --END-- [ RunTime:0.000569s ]
NOTIC: [2] Use of undefined constant _POST - assumed '_POST' (this will throw an Error in a future version of PHP) D:\phpstudy_pro\WWW\treehole\Application\Home\Controller\MessageController.class.php 第 151 行.
NOTIC: [2] Illegal string offset 'message_id' D:\phpstudy_pro\WWW\treehole\Application\Home\Controller\MessageController.class.php 第 151 行.
NOTIC: [2] Use of undefined constant _POST - assumed '_POST' (this will throw an Error in a future version of PHP) D:\phpstudy_pro\WWW\treehole\Application\Home\Controller\MessageController.class.php 第 161 行.
NOTIC: [2] Illegal string offset 'user_id' D:\phpstudy_pro\WWW\treehole\Application\Home\Controller\MessageController.class.php 第 161 行.
SQL: SHOW COLUMNS FROM `message` [ RunTime:0.0050s ]
NOTIC: [8] Undefined index: message_id D:\phpstudy_pro\WWW\treehole\Application\Home\Controller\MessageController.class.php 第 177 行.
SQL: SELECT * FROM `message` WHERE `id` = null LIMIT 1   [ RunTime:0.0004s ]
INFO: [ app_end ] --START--
INFO: Run Behavior\ShowPageTraceBehavior [ RunTime:0.000666s ]
INFO: [ app_end ] --END-- [ RunTime:0.000688s ]

[ 2020-04-02T11:01:17+08:00 ] ::1 /treehole/index.php/home/Message/do_like
INFO: [ app_init ] --START--
INFO: Run Behavior\BuildLiteBehavior [ RunTime:0.000005s ]
INFO: [ app_init ] --END-- [ RunTime:0.000284s ]
INFO: [ app_begin ] --START--
INFO: Run Behavior\ReadHtmlCacheBehavior [ RunTime:0.000356s ]
INFO: [ app_begin ] --END-- [ RunTime:0.000374s ]
NOTIC: [2] Use of undefined constant _POST - assumed '_POST' (this will throw an Error in a future version of PHP) D:\phpstudy_pro\WWW\treehole\Application\Home\Controller\MessageController.class.php 第 151 行.
NOTIC: [2] Illegal string offset 'message_id' D:\phpstudy_pro\WWW\treehole\Application\Home\Controller\MessageController.class.php 第 151 行.
NOTIC: [2] Use of undefined constant _POST - assumed '_POST' (this will throw an Error in a future version of PHP) D:\phpstudy_pro\WWW\treehole\Application\Home\Controller\MessageController.class.php 第 161 行.
NOTIC: [2] Illegal string offset 'user_id' D:\phpstudy_pro\WWW\treehole\Application\Home\Controller\MessageController.class.php 第 161 行.
SQL: SHOW COLUMNS FROM `message` [ RunTime:0.0075s ]
NOTIC: [8] Undefined index: message_id D:\phpstudy_pro\WWW\treehole\Application\Home\Controller\MessageController.class.php 第 177 行.
SQL: SELECT * FROM `message` WHERE `id` = null LIMIT 1   [ RunTime:0.0007s ]
INFO: [ app_end ] --START--
INFO: Run Behavior\ShowPageTraceBehavior [ RunTime:0.000966s ]
INFO: [ app_end ] --END-- [ RunTime:0.001010s ]

[ 2020-04-02T11:01:50+08:00 ] ::1 /treehole/index.php/home/Message/do_like
INFO: [ app_init ] --START--
INFO: Run Behavior\BuildLiteBehavior [ RunTime:0.000012s ]
INFO: [ app_init ] --END-- [ RunTime:0.000918s ]
INFO: [ app_begin ] --START--
INFO: Run Behavior\ReadHtmlCacheBehavior [ RunTime:0.000901s ]
INFO: [ app_begin ] --END-- [ RunTime:0.000967s ]
NOTIC: [2] Use of undefined constant _POST - assumed '_POST' (this will throw an Error in a future version of PHP) D:\phpstudy_pro\WWW\treehole\Application\Home\Controller\MessageController.class.php 第 151 行.
NOTIC: [2] Illegal string offset 'message_id' D:\phpstudy_pro\WWW\treehole\Application\Home\Controller\MessageController.class.php 第 151 行.
NOTIC: [2] Use of undefined constant _POST - assumed '_POST' (this will throw an Error in a future version of PHP) D:\phpstudy_pro\WWW\treehole\Application\Home\Controller\MessageController.class.php 第 161 行.
NOTIC: [2] Illegal string offset 'user_id' D:\phpstudy_pro\WWW\treehole\Application\Home\Controller\MessageController.class.php 第 161 行.
SQL: SHOW COLUMNS FROM `message` [ RunTime:0.0062s ]
NOTIC: [8] Undefined index: message_id D:\phpstudy_pro\WWW\treehole\Application\Home\Controller\MessageController.class.php 第 177 行.
SQL: SELECT * FROM `message` WHERE `id` = null LIMIT 1   [ RunTime:0.0003s ]
INFO: [ app_end ] --START--
INFO: Run Behavior\ShowPageTraceBehavior [ RunTime:0.001164s ]
INFO: [ app_end ] --END-- [ RunTime:0.001207s ]

[ 2020-04-02T11:02:19+08:00 ] ::1 /treehole/index.php/home/Message/do_like
INFO: [ app_init ] --START--
INFO: Run Behavior\BuildLiteBehavior [ RunTime:0.000015s ]
INFO: [ app_init ] --END-- [ RunTime:0.000639s ]
INFO: [ app_begin ] --START--
INFO: Run Behavior\ReadHtmlCacheBehavior [ RunTime:0.000758s ]
INFO: [ app_begin ] --END-- [ RunTime:0.000802s ]
NOTIC: [2] Use of undefined constant _POST - assumed '_POST' (this will throw an Error in a future version of PHP) D:\phpstudy_pro\WWW\treehole\Application\Home\Controller\MessageController.class.php 第 151 行.
NOTIC: [2] Illegal string offset 'message_id' D:\phpstudy_pro\WWW\treehole\Application\Home\Controller\MessageController.class.php 第 151 行.
NOTIC: [2] Use of undefined constant _POST - assumed '_POST' (this will throw an Error in a future version of PHP) D:\phpstudy_pro\WWW\treehole\Application\Home\Controller\MessageController.class.php 第 161 行.
NOTIC: [2] Illegal string offset 'user_id' D:\phpstudy_pro\WWW\treehole\Application\Home\Controller\MessageController.class.php 第 161 行.
SQL: SHOW COLUMNS FROM `message` [ RunTime:0.0105s ]
NOTIC: [8] Undefined index: message_id D:\phpstudy_pro\WWW\treehole\Application\Home\Controller\MessageController.class.php 第 177 行.
SQL: SELECT * FROM `message` WHERE `id` = null LIMIT 1   [ RunTime:0.0003s ]
INFO: [ app_end ] --START--
INFO: Run Behavior\ShowPageTraceBehavior [ RunTime:0.001165s ]
INFO: [ app_end ] --END-- [ RunTime:0.001200s ]

[ 2020-04-02T11:02:22+08:00 ] ::1 /treehole/index.php/home/Message/do_like
INFO: [ app_init ] --START--
INFO: Run Behavior\BuildLiteBehavior [ RunTime:0.000008s ]
INFO: [ app_init ] --END-- [ RunTime:0.000520s ]
INFO: [ app_begin ] --START--
INFO: Run Behavior\ReadHtmlCacheBehavior [ RunTime:0.000610s ]
INFO: [ app_begin ] --END-- [ RunTime:0.000642s ]
NOTIC: [2] Use of undefined constant _POST - assumed '_POST' (this will throw an Error in a future version of PHP) D:\phpstudy_pro\WWW\treehole\Application\Home\Controller\MessageController.class.php 第 151 行.
NOTIC: [2] Illegal string offset 'message_id' D:\phpstudy_pro\WWW\treehole\Application\Home\Controller\MessageController.class.php 第 151 行.
NOTIC: [2] Use of undefined constant _POST - assumed '_POST' (this will throw an Error in a future version of PHP) D:\phpstudy_pro\WWW\treehole\Application\Home\Controller\MessageController.class.php 第 161 行.
NOTIC: [2] Illegal string offset 'user_id' D:\phpstudy_pro\WWW\treehole\Application\Home\Controller\MessageController.class.php 第 161 行.
SQL: SHOW COLUMNS FROM `message` [ RunTime:0.0061s ]
NOTIC: [8] Undefined index: message_id D:\phpstudy_pro\WWW\treehole\Application\Home\Controller\MessageController.class.php 第 177 行.
SQL: SELECT * FROM `message` WHERE `id` = null LIMIT 1   [ RunTime:0.0002s ]
INFO: [ app_end ] --START--
INFO: Run Behavior\ShowPageTraceBehavior [ RunTime:0.000615s ]
INFO: [ app_end ] --END-- [ RunTime:0.000640s ]

[ 2020-04-02T11:02:31+08:00 ] ::1 /treehole/index.php/home/Message/do_like
INFO: [ app_init ] --START--
INFO: Run Behavior\BuildLiteBehavior [ RunTime:0.000010s ]
INFO: [ app_init ] --END-- [ RunTime:0.001450s ]
INFO: [ app_begin ] --START--
INFO: Run Behavior\ReadHtmlCacheBehavior [ RunTime:0.000825s ]
INFO: [ app_begin ] --END-- [ RunTime:0.000875s ]
NOTIC: [2] Use of undefined constant _POST - assumed '_POST' (this will throw an Error in a future version of PHP) D:\phpstudy_pro\WWW\treehole\Application\Home\Controller\MessageController.class.php 第 151 行.
NOTIC: [2] Illegal string offset 'message_id' D:\phpstudy_pro\WWW\treehole\Application\Home\Controller\MessageController.class.php 第 151 行.
NOTIC: [2] Use of undefined constant _POST - assumed '_POST' (this will throw an Error in a future version of PHP) D:\phpstudy_pro\WWW\treehole\Application\Home\Controller\MessageController.class.php 第 161 行.
NOTIC: [2] Illegal string offset 'user_id' D:\phpstudy_pro\WWW\treehole\Application\Home\Controller\MessageController.class.php 第 161 行.
SQL: SHOW COLUMNS FROM `message` [ RunTime:0.0080s ]
NOTIC: [8] Undefined index: message_id D:\phpstudy_pro\WWW\treehole\Application\Home\Controller\MessageController.class.php 第 177 行.
SQL: SELECT * FROM `message` WHERE `id` = null LIMIT 1   [ RunTime:0.0003s ]
INFO: [ app_end ] --START--
INFO: Run Behavior\ShowPageTraceBehavior [ RunTime:0.001030s ]
INFO: [ app_end ] --END-- [ RunTime:0.001069s ]

[ 2020-04-02T11:02:41+08:00 ] ::1 /treehole/index.php/home/Message/do_like
INFO: [ app_init ] --START--
INFO: Run Behavior\BuildLiteBehavior [ RunTime:0.000005s ]
INFO: [ app_init ] --END-- [ RunTime:0.000284s ]
INFO: [ app_begin ] --START--
INFO: Run Behavior\ReadHtmlCacheBehavior [ RunTime:0.000348s ]
INFO: [ app_begin ] --END-- [ RunTime:0.000367s ]
NOTIC: [2] Use of undefined constant _POST - assumed '_POST' (this will throw an Error in a future version of PHP) D:\phpstudy_pro\WWW\treehole\Application\Home\Controller\MessageController.class.php 第 151 行.
NOTIC: [2] Illegal string offset 'message_id' D:\phpstudy_pro\WWW\treehole\Application\Home\Controller\MessageController.class.php 第 151 行.
NOTIC: [2] Use of undefined constant _POST - assumed '_POST' (this will throw an Error in a future version of PHP) D:\phpstudy_pro\WWW\treehole\Application\Home\Controller\MessageController.class.php 第 161 行.
NOTIC: [2] Illegal string offset 'user_id' D:\phpstudy_pro\WWW\treehole\Application\Home\Controller\MessageController.class.php 第 161 行.
SQL: SHOW COLUMNS FROM `message` [ RunTime:0.0100s ]
NOTIC: [8] Undefined index: message_id D:\phpstudy_pro\WWW\treehole\Application\Home\Controller\MessageController.class.php 第 177 行.
SQL: SELECT * FROM `message` WHERE `id` = null LIMIT 1   [ RunTime:0.0004s ]
INFO: [ app_end ] --START--
INFO: Run Behavior\ShowPageTraceBehavior [ RunTime:0.000983s ]
INFO: [ app_end ] --END-- [ RunTime:0.001025s ]

[ 2020-04-02T11:03:04+08:00 ] ::1 /treehole/index.php/home/Message/do_like
INFO: [ app_init ] --START--
INFO: Run Behavior\BuildLiteBehavior [ RunTime:0.000017s ]
INFO: [ app_init ] --END-- [ RunTime:0.000710s ]
INFO: [ app_begin ] --START--
INFO: Run Behavior\ReadHtmlCacheBehavior [ RunTime:0.000809s ]
INFO: [ app_begin ] --END-- [ RunTime:0.000850s ]
NOTIC: [2] Use of undefined constant _POST - assumed '_POST' (this will throw an Error in a future version of PHP) D:\phpstudy_pro\WWW\treehole\Application\Home\Controller\MessageController.class.php 第 151 行.
NOTIC: [2] Illegal string offset 'message_id' D:\phpstudy_pro\WWW\treehole\Application\Home\Controller\MessageController.class.php 第 151 行.
NOTIC: [2] Use of undefined constant _POST - assumed '_POST' (this will throw an Error in a future version of PHP) D:\phpstudy_pro\WWW\treehole\Application\Home\Controller\MessageController.class.php 第 161 行.
NOTIC: [2] Illegal string offset 'user_id' D:\phpstudy_pro\WWW\treehole\Application\Home\Controller\MessageController.class.php 第 161 行.
SQL: SHOW COLUMNS FROM `message` [ RunTime:0.0089s ]
NOTIC: [8] Undefined index: message_id D:\phpstudy_pro\WWW\treehole\Application\Home\Controller\MessageController.class.php 第 177 行.
SQL: SELECT * FROM `message` WHERE `id` = null LIMIT 1   [ RunTime:0.0002s ]
INFO: [ app_end ] --START--
INFO: Run Behavior\ShowPageTraceBehavior [ RunTime:0.000666s ]
INFO: [ app_end ] --END-- [ RunTime:0.000690s ]

[ 2020-04-02T11:03:05+08:00 ] ::1 /treehole/index.php/home/Message/do_like
INFO: [ app_init ] --START--
INFO: Run Behavior\BuildLiteBehavior [ RunTime:0.000018s ]
INFO: [ app_init ] --END-- [ RunTime:0.001354s ]
INFO: [ app_begin ] --START--
INFO: Run Behavior\ReadHtmlCacheBehavior [ RunTime:0.000841s ]
INFO: [ app_begin ] --END-- [ RunTime:0.000889s ]
NOTIC: [2] Use of undefined constant _POST - assumed '_POST' (this will throw an Error in a future version of PHP) D:\phpstudy_pro\WWW\treehole\Application\Home\Controller\MessageController.class.php 第 151 行.
NOTIC: [2] Illegal string offset 'message_id' D:\phpstudy_pro\WWW\treehole\Application\Home\Controller\MessageController.class.php 第 151 行.
NOTIC: [2] Use of undefined constant _POST - assumed '_POST' (this will throw an Error in a future version of PHP) D:\phpstudy_pro\WWW\treehole\Application\Home\Controller\MessageController.class.php 第 161 行.
NOTIC: [2] Illegal string offset 'user_id' D:\phpstudy_pro\WWW\treehole\Application\Home\Controller\MessageController.class.php 第 161 行.
SQL: SHOW COLUMNS FROM `message` [ RunTime:0.0056s ]
NOTIC: [8] Undefined index: message_id D:\phpstudy_pro\WWW\treehole\Application\Home\Controller\MessageController.class.php 第 177 行.
SQL: SELECT * FROM `message` WHERE `id` = null LIMIT 1   [ RunTime:0.0003s ]
INFO: [ app_end ] --START--
INFO: Run Behavior\ShowPageTraceBehavior [ RunTime:0.001111s ]
INFO: [ app_end ] --END-- [ RunTime:0.001160s ]

[ 2020-04-02T11:03:10+08:00 ] ::1 /treehole/index.php/home/Message/do_like
INFO: [ app_init ] --START--
INFO: Run Behavior\BuildLiteBehavior [ RunTime:0.000009s ]
INFO: [ app_init ] --END-- [ RunTime:0.000605s ]
INFO: [ app_begin ] --START--
INFO: Run Behavior\ReadHtmlCacheBehavior [ RunTime:0.000683s ]
INFO: [ app_begin ] --END-- [ RunTime:0.000721s ]
NOTIC: [2] Use of undefined constant _POST - assumed '_POST' (this will throw an Error in a future version of PHP) D:\phpstudy_pro\WWW\treehole\Application\Home\Controller\MessageController.class.php 第 151 行.
NOTIC: [2] Illegal string offset 'message_id' D:\phpstudy_pro\WWW\treehole\Application\Home\Controller\MessageController.class.php 第 151 行.
NOTIC: [2] Use of undefined constant _POST - assumed '_POST' (this will throw an Error in a future version of PHP) D:\phpstudy_pro\WWW\treehole\Application\Home\Controller\MessageController.class.php 第 161 行.
NOTIC: [2] Illegal string offset 'user_id' D:\phpstudy_pro\WWW\treehole\Application\Home\Controller\MessageController.class.php 第 161 行.
SQL: SHOW COLUMNS FROM `message` [ RunTime:0.0089s ]
NOTIC: [8] Undefined index: message_id D:\phpstudy_pro\WWW\treehole\Application\Home\Controller\MessageController.class.php 第 177 行.
SQL: SELECT * FROM `message` WHERE `id` = null LIMIT 1   [ RunTime:0.0003s ]
INFO: [ app_end ] --START--
INFO: Run Behavior\ShowPageTraceBehavior [ RunTime:0.000886s ]
INFO: [ app_end ] --END-- [ RunTime:0.000920s ]

[ 2020-04-02T11:07:05+08:00 ] ::1 /treehole/index.php/home/Message/do_like
INFO: [ app_init ] --START--
INFO: Run Behavior\BuildLiteBehavior [ RunTime:0.000007s ]
INFO: [ app_init ] --END-- [ RunTime:0.000558s ]
INFO: [ app_begin ] --START--
INFO: Run Behavior\ReadHtmlCacheBehavior [ RunTime:0.000574s ]
INFO: [ app_begin ] --END-- [ RunTime:0.000599s ]
NOTIC: [2] Use of undefined constant _POST - assumed '_POST' (this will throw an Error in a future version of PHP) D:\phpstudy_pro\WWW\treehole\Application\Home\Controller\MessageController.class.php 第 151 行.
NOTIC: [2] Illegal string offset 'message_id' D:\phpstudy_pro\WWW\treehole\Application\Home\Controller\MessageController.class.php 第 151 行.
NOTIC: [2] Use of undefined constant _POST - assumed '_POST' (this will throw an Error in a future version of PHP) D:\phpstudy_pro\WWW\treehole\Application\Home\Controller\MessageController.class.php 第 161 行.
NOTIC: [2] Illegal string offset 'user_id' D:\phpstudy_pro\WWW\treehole\Application\Home\Controller\MessageController.class.php 第 161 行.
SQL: SHOW COLUMNS FROM `message` [ RunTime:0.0046s ]
NOTIC: [8] Undefined index: message_id D:\phpstudy_pro\WWW\treehole\Application\Home\Controller\MessageController.class.php 第 177 行.
SQL: SELECT * FROM `message` WHERE `id` = null LIMIT 1   [ RunTime:0.0002s ]
NOTIC: [8] Undefined index: message_id D:\phpstudy_pro\WWW\treehole\Application\Home\Controller\MessageController.class.php 第 194 行.
SQL: UPDATE `message` SET `total_likes`='1' WHERE `id` = null [ RunTime:0.0002s ]
INFO: [ app_end ] --START--
INFO: Run Behavior\ShowPageTraceBehavior [ RunTime:0.001123s ]
INFO: [ app_end ] --END-- [ RunTime:0.001169s ]

[ 2020-04-02T11:07:21+08:00 ] ::1 /treehole/index.php/home/Message/do_like
INFO: [ app_init ] --START--
INFO: Run Behavior\BuildLiteBehavior [ RunTime:0.000010s ]
INFO: [ app_init ] --END-- [ RunTime:0.000673s ]
INFO: [ app_begin ] --START--
INFO: Run Behavior\ReadHtmlCacheBehavior [ RunTime:0.000831s ]
INFO: [ app_begin ] --END-- [ RunTime:0.000889s ]
NOTIC: [2] Use of undefined constant _POST - assumed '_POST' (this will throw an Error in a future version of PHP) D:\phpstudy_pro\WWW\treehole\Application\Home\Controller\MessageController.class.php 第 151 行.
NOTIC: [2] Illegal string offset 'message_id' D:\phpstudy_pro\WWW\treehole\Application\Home\Controller\MessageController.class.php 第 151 行.
NOTIC: [2] Use of undefined constant _POST - assumed '_POST' (this will throw an Error in a future version of PHP) D:\phpstudy_pro\WWW\treehole\Application\Home\Controller\MessageController.class.php 第 161 行.
NOTIC: [2] Illegal string offset 'user_id' D:\phpstudy_pro\WWW\treehole\Application\Home\Controller\MessageController.class.php 第 161 行.
SQL: SHOW COLUMNS FROM `message` [ RunTime:0.0064s ]
NOTIC: [8] Undefined index: message_id D:\phpstudy_pro\WWW\treehole\Application\Home\Controller\MessageController.class.php 第 177 行.
SQL: SELECT * FROM `message` WHERE `id` = null LIMIT 1   [ RunTime:0.0002s ]
NOTIC: [8] Undefined index: message_id D:\phpstudy_pro\WWW\treehole\Application\Home\Controller\MessageController.class.php 第 194 行.
SQL: UPDATE `message` SET `total_likes`='1' WHERE `id` = null [ RunTime:0.0001s ]
INFO: [ app_end ] --START--
INFO: Run Behavior\ShowPageTraceBehavior [ RunTime:0.000832s ]
INFO: [ app_end ] --END-- [ RunTime:0.000874s ]

[ 2020-04-02T11:08:06+08:00 ] ::1 /treehole/index.php/home/Message/do_like
INFO: [ app_init ] --START--
INFO: Run Behavior\BuildLiteBehavior [ RunTime:0.000008s ]
INFO: [ app_init ] --END-- [ RunTime:0.000620s ]
INFO: [ app_begin ] --START--
INFO: Run Behavior\ReadHtmlCacheBehavior [ RunTime:0.000486s ]
INFO: [ app_begin ] --END-- [ RunTime:0.000511s ]
NOTIC: [2] Use of undefined constant _POST - assumed '_POST' (this will throw an Error in a future version of PHP) D:\phpstudy_pro\WWW\treehole\Application\Home\Controller\MessageController.class.php 第 151 行.
NOTIC: [2] Illegal string offset 'message_id' D:\phpstudy_pro\WWW\treehole\Application\Home\Controller\MessageController.class.php 第 151 行.
NOTIC: [2] Use of undefined constant _POST - assumed '_POST' (this will throw an Error in a future version of PHP) D:\phpstudy_pro\WWW\treehole\Application\Home\Controller\MessageController.class.php 第 161 行.
NOTIC: [2] Illegal string offset 'user_id' D:\phpstudy_pro\WWW\treehole\Application\Home\Controller\MessageController.class.php 第 161 行.
SQL: SHOW COLUMNS FROM `message` [ RunTime:0.0043s ]
NOTIC: [8] Undefined index: message_id D:\phpstudy_pro\WWW\treehole\Application\Home\Controller\MessageController.class.php 第 177 行.
SQL: SELECT * FROM `message` WHERE `id` = null LIMIT 1   [ RunTime:0.0003s ]
NOTIC: [8] Undefined index: message_id D:\phpstudy_pro\WWW\treehole\Application\Home\Controller\MessageController.class.php 第 194 行.
SQL: UPDATE `message` SET `total_likes`='1' WHERE `id` = null [ RunTime:0.0002s ]

[ 2020-04-02T11:09:00+08:00 ] ::1 /treehole/index.php/home/Message/do_like
INFO: [ app_init ] --START--
INFO: Run Behavior\BuildLiteBehavior [ RunTime:0.000007s ]
INFO: [ app_init ] --END-- [ RunTime:0.000376s ]
INFO: [ app_begin ] --START--
INFO: Run Behavior\ReadHtmlCacheBehavior [ RunTime:0.000481s ]
INFO: [ app_begin ] --END-- [ RunTime:0.000506s ]
NOTIC: [2] Use of undefined constant _POST - assumed '_POST' (this will throw an Error in a future version of PHP) D:\phpstudy_pro\WWW\treehole\Application\Home\Controller\MessageController.class.php 第 151 行.
NOTIC: [2] Illegal string offset 'message_id' D:\phpstudy_pro\WWW\treehole\Application\Home\Controller\MessageController.class.php 第 151 行.
NOTIC: [2] Use of undefined constant _POST - assumed '_POST' (this will throw an Error in a future version of PHP) D:\phpstudy_pro\WWW\treehole\Application\Home\Controller\MessageController.class.php 第 161 行.
NOTIC: [2] Illegal string offset 'user_id' D:\phpstudy_pro\WWW\treehole\Application\Home\Controller\MessageController.class.php 第 161 行.
SQL: SHOW COLUMNS FROM `message` [ RunTime:0.0054s ]
NOTIC: [8] Undefined index: message_id D:\phpstudy_pro\WWW\treehole\Application\Home\Controller\MessageController.class.php 第 177 行.
SQL: SELECT * FROM `message` WHERE `id` = null LIMIT 1   [ RunTime:0.0003s ]
NOTIC: [8] Undefined index: message_id D:\phpstudy_pro\WWW\treehole\Application\Home\Controller\MessageController.class.php 第 194 行.
SQL: UPDATE `message` SET `total_likes`='1' WHERE `id` = null [ RunTime:0.0003s ]

[ 2020-04-02T11:09:01+08:00 ] ::1 /treehole/index.php/home/Message/do_like
INFO: [ app_init ] --START--
INFO: Run Behavior\BuildLiteBehavior [ RunTime:0.000010s ]
INFO: [ app_init ] --END-- [ RunTime:0.000762s ]
INFO: [ app_begin ] --START--
INFO: Run Behavior\ReadHtmlCacheBehavior [ RunTime:0.000650s ]
INFO: [ app_begin ] --END-- [ RunTime:0.000701s ]
NOTIC: [2] Use of undefined constant _POST - assumed '_POST' (this will throw an Error in a future version of PHP) D:\phpstudy_pro\WWW\treehole\Application\Home\Controller\MessageController.class.php 第 151 行.
NOTIC: [2] Illegal string offset 'message_id' D:\phpstudy_pro\WWW\treehole\Application\Home\Controller\MessageController.class.php 第 151 行.
NOTIC: [2] Use of undefined constant _POST - assumed '_POST' (this will throw an Error in a future version of PHP) D:\phpstudy_pro\WWW\treehole\Application\Home\Controller\MessageController.class.php 第 161 行.
NOTIC: [2] Illegal string offset 'user_id' D:\phpstudy_pro\WWW\treehole\Application\Home\Controller\MessageController.class.php 第 161 行.
SQL: SHOW COLUMNS FROM `message` [ RunTime:0.0008s ]
NOTIC: [8] Undefined index: message_id D:\phpstudy_pro\WWW\treehole\Application\Home\Controller\MessageController.class.php 第 177 行.
SQL: SELECT * FROM `message` WHERE `id` = null LIMIT 1   [ RunTime:0.0002s ]
NOTIC: [8] Undefined index: message_id D:\phpstudy_pro\WWW\treehole\Application\Home\Controller\MessageController.class.php 第 194 行.
SQL: UPDATE `message` SET `total_likes`='1' WHERE `id` = null [ RunTime:0.0002s ]

[ 2020-04-02T11:10:46+08:00 ] ::1 /treehole/index.php/home/Message/do_like
INFO: [ app_init ] --START--
INFO: Run Behavior\BuildLiteBehavior [ RunTime:0.000010s ]
INFO: [ app_init ] --END-- [ RunTime:0.000815s ]
INFO: [ app_begin ] --START--
INFO: Run Behavior\ReadHtmlCacheBehavior [ RunTime:0.000780s ]
INFO: [ app_begin ] --END-- [ RunTime:0.000818s ]
NOTIC: [2] Use of undefined constant _POST - assumed '_POST' (this will throw an Error in a future version of PHP) D:\phpstudy_pro\WWW\treehole\Application\Home\Controller\MessageController.class.php 第 151 行.
NOTIC: [2] Illegal string offset 'message_id' D:\phpstudy_pro\WWW\treehole\Application\Home\Controller\MessageController.class.php 第 151 行.
NOTIC: [2] Use of undefined constant _POST - assumed '_POST' (this will throw an Error in a future version of PHP) D:\phpstudy_pro\WWW\treehole\Application\Home\Controller\MessageController.class.php 第 161 行.
NOTIC: [2] Illegal string offset 'user_id' D:\phpstudy_pro\WWW\treehole\Application\Home\Controller\MessageController.class.php 第 161 行.
SQL: SHOW COLUMNS FROM `message` [ RunTime:0.0007s ]
NOTIC: [8] Undefined index: message_id D:\phpstudy_pro\WWW\treehole\Application\Home\Controller\MessageController.class.php 第 177 行.
SQL: SELECT * FROM `message` WHERE `id` = null LIMIT 1   [ RunTime:0.0002s ]
NOTIC: [8] Undefined index: message_id D:\phpstudy_pro\WWW\treehole\Application\Home\Controller\MessageController.class.php 第 194 行.
SQL: UPDATE `message` SET `total_likes`='1' WHERE `id` = null [ RunTime:0.0001s ]

[ 2020-04-02T11:10:55+08:00 ] ::1 /treehole/index.php/home/Message/do_like
INFO: [ app_init ] --START--
INFO: Run Behavior\BuildLiteBehavior [ RunTime:0.000008s ]
INFO: [ app_init ] --END-- [ RunTime:0.000799s ]
INFO: [ app_begin ] --START--
INFO: Run Behavior\ReadHtmlCacheBehavior [ RunTime:0.000524s ]
INFO: [ app_begin ] --END-- [ RunTime:0.000546s ]
NOTIC: [2] Use of undefined constant _POST - assumed '_POST' (this will throw an Error in a future version of PHP) D:\phpstudy_pro\WWW\treehole\Application\Home\Controller\MessageController.class.php 第 151 行.
NOTIC: [2] Illegal string offset 'message_id' D:\phpstudy_pro\WWW\treehole\Application\Home\Controller\MessageController.class.php 第 151 行.
NOTIC: [2] Use of undefined constant _POST - assumed '_POST' (this will throw an Error in a future version of PHP) D:\phpstudy_pro\WWW\treehole\Application\Home\Controller\MessageController.class.php 第 161 行.
NOTIC: [2] Illegal string offset 'user_id' D:\phpstudy_pro\WWW\treehole\Application\Home\Controller\MessageController.class.php 第 161 行.
SQL: SHOW COLUMNS FROM `message` [ RunTime:0.0004s ]
SQL: SELECT * FROM `message` WHERE `id` = 1 LIMIT 1   [ RunTime:0.0002s ]

[ 2020-04-02T11:11:19+08:00 ] ::1 /treehole/index.php/home/Message/do_like
INFO: [ app_init ] --START--
INFO: Run Behavior\BuildLiteBehavior [ RunTime:0.000008s ]
INFO: [ app_init ] --END-- [ RunTime:0.000709s ]
INFO: [ app_begin ] --START--
INFO: Run Behavior\ReadHtmlCacheBehavior [ RunTime:0.000912s ]
INFO: [ app_begin ] --END-- [ RunTime:0.000952s ]
NOTIC: [2] Use of undefined constant _POST - assumed '_POST' (this will throw an Error in a future version of PHP) D:\phpstudy_pro\WWW\treehole\Application\Home\Controller\MessageController.class.php 第 151 行.
NOTIC: [2] Illegal string offset 'message_id' D:\phpstudy_pro\WWW\treehole\Application\Home\Controller\MessageController.class.php 第 151 行.
NOTIC: [2] Use of undefined constant _POST - assumed '_POST' (this will throw an Error in a future version of PHP) D:\phpstudy_pro\WWW\treehole\Application\Home\Controller\MessageController.class.php 第 161 行.
NOTIC: [2] Illegal string offset 'user_id' D:\phpstudy_pro\WWW\treehole\Application\Home\Controller\MessageController.class.php 第 161 行.
SQL: SHOW COLUMNS FROM `message` [ RunTime:0.0004s ]
SQL: SELECT * FROM `message` WHERE `id` = 1 LIMIT 1   [ RunTime:0.0002s ]

[ 2020-04-02T11:11:20+08:00 ] ::1 /treehole/index.php/home/Message/do_like
INFO: [ app_init ] --START--
INFO: Run Behavior\BuildLiteBehavior [ RunTime:0.000007s ]
INFO: [ app_init ] --END-- [ RunTime:0.000420s ]
INFO: [ app_begin ] --START--
INFO: Run Behavior\ReadHtmlCacheBehavior [ RunTime:0.000414s ]
INFO: [ app_begin ] --END-- [ RunTime:0.000435s ]
NOTIC: [2] Use of undefined constant _POST - assumed '_POST' (this will throw an Error in a future version of PHP) D:\phpstudy_pro\WWW\treehole\Application\Home\Controller\MessageController.class.php 第 151 行.
NOTIC: [2] Illegal string offset 'message_id' D:\phpstudy_pro\WWW\treehole\Application\Home\Controller\MessageController.class.php 第 151 行.
NOTIC: [2] Use of undefined constant _POST - assumed '_POST' (this will throw an Error in a future version of PHP) D:\phpstudy_pro\WWW\treehole\Application\Home\Controller\MessageController.class.php 第 161 行.
NOTIC: [2] Illegal string offset 'user_id' D:\phpstudy_pro\WWW\treehole\Application\Home\Controller\MessageController.class.php 第 161 行.
SQL: SHOW COLUMNS FROM `message` [ RunTime:0.0005s ]
SQL: SELECT * FROM `message` WHERE `id` = 1 LIMIT 1   [ RunTime:0.0002s ]

[ 2020-04-02T11:12:21+08:00 ] ::1 /treehole/index.php/home/Message/do_like
INFO: [ app_init ] --START--
INFO: Run Behavior\BuildLiteBehavior [ RunTime:0.000010s ]
INFO: [ app_init ] --END-- [ RunTime:0.000599s ]
INFO: [ app_begin ] --START--
INFO: Run Behavior\ReadHtmlCacheBehavior [ RunTime:0.000852s ]
INFO: [ app_begin ] --END-- [ RunTime:0.000903s ]
NOTIC: [2] Use of undefined constant _POST - assumed '_POST' (this will throw an Error in a future version of PHP) D:\phpstudy_pro\WWW\treehole\Application\Home\Controller\MessageController.class.php 第 151 行.
NOTIC: [2] Illegal string offset 'message_id' D:\phpstudy_pro\WWW\treehole\Application\Home\Controller\MessageController.class.php 第 151 行.
NOTIC: [2] Use of undefined constant _POST - assumed '_POST' (this will throw an Error in a future version of PHP) D:\phpstudy_pro\WWW\treehole\Application\Home\Controller\MessageController.class.php 第 161 行.
NOTIC: [2] Illegal string offset 'user_id' D:\phpstudy_pro\WWW\treehole\Application\Home\Controller\MessageController.class.php 第 161 行.
SQL: SHOW COLUMNS FROM `message` [ RunTime:0.0017s ]
SQL: SELECT * FROM `message` WHERE `id` = 1 LIMIT 1   [ RunTime:0.0004s ]
SQL: UPDATE `message` SET `total_likes`='1' WHERE `id` = 1 [ RunTime:0.0810s ]

[ 2020-04-02T11:12:55+08:00 ] ::1 /treehole/index.php/home/Message/do_like
INFO: [ app_init ] --START--
INFO: Run Behavior\BuildLiteBehavior [ RunTime:0.000010s ]
INFO: [ app_init ] --END-- [ RunTime:0.000619s ]
INFO: [ app_begin ] --START--
INFO: Run Behavior\ReadHtmlCacheBehavior [ RunTime:0.000764s ]
INFO: [ app_begin ] --END-- [ RunTime:0.000821s ]
NOTIC: [2] Use of undefined constant _POST - assumed '_POST' (this will throw an Error in a future version of PHP) D:\phpstudy_pro\WWW\treehole\Application\Home\Controller\MessageController.class.php 第 151 行.
NOTIC: [2] Illegal string offset 'message_id' D:\phpstudy_pro\WWW\treehole\Application\Home\Controller\MessageController.class.php 第 151 行.
NOTIC: [2] Use of undefined constant _POST - assumed '_POST' (this will throw an Error in a future version of PHP) D:\phpstudy_pro\WWW\treehole\Application\Home\Controller\MessageController.class.php 第 161 行.
NOTIC: [2] Illegal string offset 'user_id' D:\phpstudy_pro\WWW\treehole\Application\Home\Controller\MessageController.class.php 第 161 行.
SQL: SHOW COLUMNS FROM `message` [ RunTime:0.0008s ]
NOTIC: [8] Undefined index: message_id D:\phpstudy_pro\WWW\treehole\Application\Home\Controller\MessageController.class.php 第 177 行.
SQL: SELECT * FROM `message` WHERE `id` = null LIMIT 1   [ RunTime:0.0003s ]

[ 2020-04-02T11:13:00+08:00 ] ::1 /treehole/index.php/home/Message/do_like
INFO: [ app_init ] --START--
INFO: Run Behavior\BuildLiteBehavior [ RunTime:0.000006s ]
INFO: [ app_init ] --END-- [ RunTime:0.000393s ]
INFO: [ app_begin ] --START--
INFO: Run Behavior\ReadHtmlCacheBehavior [ RunTime:0.001019s ]
INFO: [ app_begin ] --END-- [ RunTime:0.001070s ]
NOTIC: [2] Use of undefined constant _POST - assumed '_POST' (this will throw an Error in a future version of PHP) D:\phpstudy_pro\WWW\treehole\Application\Home\Controller\MessageController.class.php 第 151 行.
NOTIC: [2] Illegal string offset 'message_id' D:\phpstudy_pro\WWW\treehole\Application\Home\Controller\MessageController.class.php 第 151 行.
NOTIC: [2] Use of undefined constant _POST - assumed '_POST' (this will throw an Error in a future version of PHP) D:\phpstudy_pro\WWW\treehole\Application\Home\Controller\MessageController.class.php 第 161 行.
NOTIC: [2] Illegal string offset 'user_id' D:\phpstudy_pro\WWW\treehole\Application\Home\Controller\MessageController.class.php 第 161 行.
SQL: SHOW COLUMNS FROM `message` [ RunTime:0.0014s ]
NOTIC: [8] Undefined index: message_id D:\phpstudy_pro\WWW\treehole\Application\Home\Controller\MessageController.class.php 第 177 行.
SQL: SELECT * FROM `message` WHERE `id` = null LIMIT 1   [ RunTime:0.0004s ]

[ 2020-04-02T11:13:01+08:00 ] ::1 /treehole/index.php/home/Message/do_like
INFO: [ app_init ] --START--
INFO: Run Behavior\BuildLiteBehavior [ RunTime:0.000009s ]
INFO: [ app_init ] --END-- [ RunTime:0.000525s ]
INFO: [ app_begin ] --START--
INFO: Run Behavior\ReadHtmlCacheBehavior [ RunTime:0.000664s ]
INFO: [ app_begin ] --END-- [ RunTime:0.000699s ]
NOTIC: [2] Use of undefined constant _POST - assumed '_POST' (this will throw an Error in a future version of PHP) D:\phpstudy_pro\WWW\treehole\Application\Home\Controller\MessageController.class.php 第 151 行.
NOTIC: [2] Illegal string offset 'message_id' D:\phpstudy_pro\WWW\treehole\Application\Home\Controller\MessageController.class.php 第 151 行.
NOTIC: [2] Use of undefined constant _POST - assumed '_POST' (this will throw an Error in a future version of PHP) D:\phpstudy_pro\WWW\treehole\Application\Home\Controller\MessageController.class.php 第 161 行.
NOTIC: [2] Illegal string offset 'user_id' D:\phpstudy_pro\WWW\treehole\Application\Home\Controller\MessageController.class.php 第 161 行.
SQL: SHOW COLUMNS FROM `message` [ RunTime:0.0006s ]
NOTIC: [8] Undefined index: message_id D:\phpstudy_pro\WWW\treehole\Application\Home\Controller\MessageController.class.php 第 177 行.
SQL: SELECT * FROM `message` WHERE `id` = null LIMIT 1   [ RunTime:0.0003s ]

[ 2020-04-02T11:15:09+08:00 ] ::1 /treehole/index.php/home/user/sign
INFO: [ app_init ] --START--
INFO: Run Behavior\BuildLiteBehavior [ RunTime:0.000006s ]
INFO: [ app_init ] --END-- [ RunTime:0.000529s ]
INFO: [ app_begin ] --START--
INFO: Run Behavior\ReadHtmlCacheBehavior [ RunTime:0.000837s ]
INFO: [ app_begin ] --END-- [ RunTime:0.000867s ]
NOTIC: [8] Undefined index: username D:\phpstudy_pro\WWW\treehole\Application\Home\Controller\UserController.class.php 第 14 行.

[ 2020-04-02T11:15:11+08:00 ] ::1 /treehole/index.php/home/user/sign
INFO: [ app_init ] --START--
INFO: Run Behavior\BuildLiteBehavior [ RunTime:0.000010s ]
INFO: [ app_init ] --END-- [ RunTime:0.000641s ]
INFO: [ app_begin ] --START--
INFO: Run Behavior\ReadHtmlCacheBehavior [ RunTime:0.000869s ]
INFO: [ app_begin ] --END-- [ RunTime:0.000936s ]
NOTIC: [8] Undefined index: username D:\phpstudy_pro\WWW\treehole\Application\Home\Controller\UserController.class.php 第 14 行.

[ 2020-04-02T11:15:36+08:00 ] ::1 /treehole/index.php/home/Message/do_like
INFO: [ app_init ] --START--
INFO: Run Behavior\BuildLiteBehavior [ RunTime:0.000012s ]
INFO: [ app_init ] --END-- [ RunTime:0.000469s ]
INFO: [ app_begin ] --START--
INFO: Run Behavior\ReadHtmlCacheBehavior [ RunTime:0.000634s ]
INFO: [ app_begin ] --END-- [ RunTime:0.000676s ]
NOTIC: [8] Undefined index: username D:\phpstudy_pro\WWW\treehole\Application\Home\Controller\MessageController.class.php 第 151 行.

[ 2020-04-02T11:15:37+08:00 ] ::1 /treehole/index.php/home/Message/do_like
INFO: [ app_init ] --START--
INFO: Run Behavior\BuildLiteBehavior [ RunTime:0.000009s ]
INFO: [ app_init ] --END-- [ RunTime:0.000580s ]
INFO: [ app_begin ] --START--
INFO: Run Behavior\ReadHtmlCacheBehavior [ RunTime:0.000740s ]
INFO: [ app_begin ] --END-- [ RunTime:0.000793s ]
NOTIC: [8] Undefined index: username D:\phpstudy_pro\WWW\treehole\Application\Home\Controller\MessageController.class.php 第 151 行.

[ 2020-04-02T11:16:03+08:00 ] ::1 /treehole/index.php/home/Message/do_like
INFO: [ app_init ] --START--
INFO: Run Behavior\BuildLiteBehavior [ RunTime:0.000010s ]
INFO: [ app_init ] --END-- [ RunTime:0.000607s ]
INFO: [ app_begin ] --START--
INFO: Run Behavior\ReadHtmlCacheBehavior [ RunTime:0.000690s ]
INFO: [ app_begin ] --END-- [ RunTime:0.000727s ]
NOTIC: [8] Undefined index: message_id D:\phpstudy_pro\WWW\treehole\Application\Home\Controller\MessageController.class.php 第 152 行.

[ 2020-04-02T11:16:09+08:00 ] ::1 /treehole/index.php/home/Message/do_like
INFO: [ app_init ] --START--
INFO: Run Behavior\BuildLiteBehavior [ RunTime:0.000006s ]
INFO: [ app_init ] --END-- [ RunTime:0.000388s ]
INFO: [ app_begin ] --START--
INFO: Run Behavior\ReadHtmlCacheBehavior [ RunTime:0.000512s ]
INFO: [ app_begin ] --END-- [ RunTime:0.000537s ]
NOTIC: [8] Undefined index: user_id D:\phpstudy_pro\WWW\treehole\Application\Home\Controller\MessageController.class.php 第 162 行.

[ 2020-04-02T11:16:12+08:00 ] ::1 /treehole/index.php/home/Message/do_like
INFO: [ app_init ] --START--
INFO: Run Behavior\BuildLiteBehavior [ RunTime:0.000005s ]
INFO: [ app_init ] --END-- [ RunTime:0.000310s ]
INFO: [ app_begin ] --START--
INFO: Run Behavior\ReadHtmlCacheBehavior [ RunTime:0.000352s ]
INFO: [ app_begin ] --END-- [ RunTime:0.000371s ]
SQL: SHOW COLUMNS FROM `message` [ RunTime:0.0008s ]
SQL: SELECT * FROM `message` WHERE `id` = 1 LIMIT 1   [ RunTime:0.0003s ]
SQL: UPDATE `message` SET `total_likes`='2' WHERE `id` = 1 [ RunTime:0.0894s ]

[ 2020-04-02T11:16:29+08:00 ] ::1 /treehole/index.php/home/user/sign
INFO: [ app_init ] --START--
INFO: Run Behavior\BuildLiteBehavior [ RunTime:0.000009s ]
INFO: [ app_init ] --END-- [ RunTime:0.000504s ]
INFO: [ app_begin ] --START--
INFO: Run Behavior\ReadHtmlCacheBehavior [ RunTime:0.000800s ]
INFO: [ app_begin ] --END-- [ RunTime:0.000854s ]
NOTIC: [8] Undefined index: username D:\phpstudy_pro\WWW\treehole\Application\Home\Controller\UserController.class.php 第 14 行.

[ 2020-04-02T11:16:42+08:00 ] ::1 /treehole/index.php/home/user/sign?username=%E9%BE%99%E9%BE%99
INFO: [ app_init ] --START--
INFO: Run Behavior\BuildLiteBehavior [ RunTime:0.000006s ]
INFO: [ app_init ] --END-- [ RunTime:0.000338s ]
INFO: [ app_begin ] --START--
INFO: Run Behavior\ReadHtmlCacheBehavior [ RunTime:0.000384s ]
INFO: [ app_begin ] --END-- [ RunTime:0.000403s ]
NOTIC: [8] Undefined index: username D:\phpstudy_pro\WWW\treehole\Application\Home\Controller\UserController.class.php 第 14 行.

[ 2020-04-02T11:16:45+08:00 ] ::1 /treehole/index.php/home/user/sign?username=%E9%BE%99%E9%BE%99
INFO: [ app_init ] --START--
INFO: Run Behavior\BuildLiteBehavior [ RunTime:0.000007s ]
INFO: [ app_init ] --END-- [ RunTime:0.000514s ]
INFO: [ app_begin ] --START--
INFO: Run Behavior\ReadHtmlCacheBehavior [ RunTime:0.000569s ]
INFO: [ app_begin ] --END-- [ RunTime:0.000597s ]
NOTIC: [8] Undefined index: username D:\phpstudy_pro\WWW\treehole\Application\Home\Controller\UserController.class.php 第 14 行.

[ 2020-04-02T11:17:06+08:00 ] ::1 /treehole/index.php/home/user/sign
INFO: [ app_init ] --START--
INFO: Run Behavior\BuildLiteBehavior [ RunTime:0.000011s ]
INFO: [ app_init ] --END-- [ RunTime:0.001040s ]
INFO: [ app_begin ] --START--
INFO: Run Behavior\ReadHtmlCacheBehavior [ RunTime:0.000985s ]
INFO: [ app_begin ] --END-- [ RunTime:0.001039s ]
NOTIC: [8] Undefined index: username D:\phpstudy_pro\WWW\treehole\Application\Home\Controller\UserController.class.php 第 14 行.

[ 2020-04-02T11:17:13+08:00 ] ::1 /treehole/index.php/home/user/sign?username=%E9%BE%99%E9%BE%99
INFO: [ app_init ] --START--
INFO: Run Behavior\BuildLiteBehavior [ RunTime:0.000008s ]
INFO: [ app_init ] --END-- [ RunTime:0.000757s ]
INFO: [ app_begin ] --START--
INFO: Run Behavior\ReadHtmlCacheBehavior [ RunTime:0.000753s ]
INFO: [ app_begin ] --END-- [ RunTime:0.000788s ]
NOTIC: [8] Undefined index: username D:\phpstudy_pro\WWW\treehole\Application\Home\Controller\UserController.class.php 第 14 行.

[ 2020-04-02T11:17:14+08:00 ] ::1 /treehole/index.php/home/user/sign?username=%E9%BE%99%E9%BE%99
INFO: [ app_init ] --START--
INFO: Run Behavior\BuildLiteBehavior [ RunTime:0.000009s ]
INFO: [ app_init ] --END-- [ RunTime:0.000571s ]
INFO: [ app_begin ] --START--
INFO: Run Behavior\ReadHtmlCacheBehavior [ RunTime:0.000768s ]
INFO: [ app_begin ] --END-- [ RunTime:0.000811s ]
NOTIC: [8] Undefined index: username D:\phpstudy_pro\WWW\treehole\Application\Home\Controller\UserController.class.php 第 14 行.

[ 2020-04-02T11:17:15+08:00 ] ::1 /treehole/index.php/home/user/sign?username=%E9%BE%99%E9%BE%99
INFO: [ app_init ] --START--
INFO: Run Behavior\BuildLiteBehavior [ RunTime:0.000009s ]
INFO: [ app_init ] --END-- [ RunTime:0.000609s ]
INFO: [ app_begin ] --START--
INFO: Run Behavior\ReadHtmlCacheBehavior [ RunTime:0.000686s ]
INFO: [ app_begin ] --END-- [ RunTime:0.000733s ]
NOTIC: [8] Undefined index: username D:\phpstudy_pro\WWW\treehole\Application\Home\Controller\UserController.class.php 第 14 行.

[ 2020-04-02T11:17:49+08:00 ] ::1 /treehole/index.php/home/user/sign?username=%E9%BE%99%E9%BE%99&phone=12345678910
INFO: [ app_init ] --START--
INFO: Run Behavior\BuildLiteBehavior [ RunTime:0.000017s ]
INFO: [ app_init ] --END-- [ RunTime:0.000672s ]
INFO: [ app_begin ] --START--
INFO: Run Behavior\ReadHtmlCacheBehavior [ RunTime:0.000819s ]
INFO: [ app_begin ] --END-- [ RunTime:0.000867s ]
NOTIC: [8] Undefined index: username D:\phpstudy_pro\WWW\treehole\Application\Home\Controller\UserController.class.php 第 14 行.

[ 2020-04-02T11:17:50+08:00 ] ::1 /treehole/index.php/home/user/sign?username=%E9%BE%99%E9%BE%99&phone=12345678910
INFO: [ app_init ] --START--
INFO: Run Behavior\BuildLiteBehavior [ RunTime:0.000009s ]
INFO: [ app_init ] --END-- [ RunTime:0.000473s ]
INFO: [ app_begin ] --START--
INFO: Run Behavior\ReadHtmlCacheBehavior [ RunTime:0.000699s ]
INFO: [ app_begin ] --END-- [ RunTime:0.000731s ]
NOTIC: [8] Undefined index: username D:\phpstudy_pro\WWW\treehole\Application\Home\Controller\UserController.class.php 第 14 行.

[ 2020-04-02T11:18:01+08:00 ] ::1 /treehole/index.php/home/User/sign?username=%E9%BE%99%E9%BE%99&phone=12345678910
INFO: [ app_init ] --START--
INFO: Run Behavior\BuildLiteBehavior [ RunTime:0.000011s ]
INFO: [ app_init ] --END-- [ RunTime:0.000739s ]
INFO: [ app_begin ] --START--
INFO: Run Behavior\ReadHtmlCacheBehavior [ RunTime:0.000834s ]
INFO: [ app_begin ] --END-- [ RunTime:0.000879s ]
NOTIC: [8] Undefined index: username D:\phpstudy_pro\WWW\treehole\Application\Home\Controller\UserController.class.php 第 14 行.

[ 2020-04-02T11:18:02+08:00 ] ::1 /treehole/index.php/home/User/sign?username=%E9%BE%99%E9%BE%99&phone=12345678910
INFO: [ app_init ] --START--
INFO: Run Behavior\BuildLiteBehavior [ RunTime:0.000006s ]
INFO: [ app_init ] --END-- [ RunTime:0.000312s ]
INFO: [ app_begin ] --START--
INFO: Run Behavior\ReadHtmlCacheBehavior [ RunTime:0.000356s ]
INFO: [ app_begin ] --END-- [ RunTime:0.000374s ]
NOTIC: [8] Undefined index: username D:\phpstudy_pro\WWW\treehole\Application\Home\Controller\UserController.class.php 第 14 行.

[ 2020-04-02T11:18:03+08:00 ] ::1 /treehole/index.php/home/User/sign?username=%E9%BE%99%E9%BE%99&phone=12345678910
INFO: [ app_init ] --START--
INFO: Run Behavior\BuildLiteBehavior [ RunTime:0.000006s ]
INFO: [ app_init ] --END-- [ RunTime:0.000359s ]
INFO: [ app_begin ] --START--
INFO: Run Behavior\ReadHtmlCacheBehavior [ RunTime:0.000367s ]
INFO: [ app_begin ] --END-- [ RunTime:0.000387s ]
NOTIC: [8] Undefined index: username D:\phpstudy_pro\WWW\treehole\Application\Home\Controller\UserController.class.php 第 14 行.

[ 2020-04-02T11:18:13+08:00 ] ::1 /treehole/index.php/home/User/sign?username=%E9%BE%99%E9%BE%99&phone=12345678910
INFO: [ app_init ] --START--
INFO: Run Behavior\BuildLiteBehavior [ RunTime:0.000007s ]
INFO: [ app_init ] --END-- [ RunTime:0.000388s ]
INFO: [ app_begin ] --START--
INFO: Run Behavior\ReadHtmlCacheBehavior [ RunTime:0.000515s ]
INFO: [ app_begin ] --END-- [ RunTime:0.000541s ]
NOTIC: [8] Undefined index: username D:\phpstudy_pro\WWW\treehole\Application\Home\Controller\UserController.class.php 第 14 行.

[ 2020-04-02T11:18:20+08:00 ] ::1 /treehole/index.php/home/User/sign?username=%E9%BE%99%E9%BE%99&phone=12345678910
INFO: [ app_init ] --START--
INFO: Run Behavior\BuildLiteBehavior [ RunTime:0.000007s ]
INFO: [ app_init ] --END-- [ RunTime:0.000365s ]
INFO: [ app_begin ] --START--
INFO: Run Behavior\ReadHtmlCacheBehavior [ RunTime:0.000403s ]
INFO: [ app_begin ] --END-- [ RunTime:0.000424s ]
NOTIC: [8] Undefined index: phone D:\phpstudy_pro\WWW\treehole\Application\Home\Controller\UserController.class.php 第 22 行.

[ 2020-04-02T11:18:27+08:00 ] ::1 /treehole/index.php/home/User/sign?username=%E9%BE%99%E9%BE%99&phone=12345678910
INFO: [ app_init ] --START--
INFO: Run Behavior\BuildLiteBehavior [ RunTime:0.000010s ]
INFO: [ app_init ] --END-- [ RunTime:0.000839s ]
INFO: [ app_begin ] --START--
INFO: Run Behavior\ReadHtmlCacheBehavior [ RunTime:0.000669s ]
INFO: [ app_begin ] --END-- [ RunTime:0.000704s ]
NOTIC: [8] Undefined index: password D:\phpstudy_pro\WWW\treehole\Application\Home\Controller\UserController.class.php 第 30 行.

[ 2020-04-02T11:18:37+08:00 ] ::1 /treehole/index.php/home/User/sign?username=%E9%BE%99%E9%BE%99&phone=12345678910
INFO: [ app_init ] --START--
INFO: Run Behavior\BuildLiteBehavior [ RunTime:0.000010s ]
INFO: [ app_init ] --END-- [ RunTime:0.000349s ]
INFO: [ app_begin ] --START--
INFO: Run Behavior\ReadHtmlCacheBehavior [ RunTime:0.000607s ]
INFO: [ app_begin ] --END-- [ RunTime:0.000635s ]
NOTIC: [8] Undefined index: password_again D:\phpstudy_pro\WWW\treehole\Application\Home\Controller\UserController.class.php 第 38 行.

[ 2020-04-02T11:18:45+08:00 ] ::1 /treehole/index.php/home/User/sign?username=%E9%BE%99%E9%BE%99&phone=12345678910
INFO: [ app_init ] --START--
INFO: Run Behavior\BuildLiteBehavior [ RunTime:0.000010s ]
INFO: [ app_init ] --END-- [ RunTime:0.000605s ]
INFO: [ app_begin ] --START--
INFO: Run Behavior\ReadHtmlCacheBehavior [ RunTime:0.000790s ]
INFO: [ app_begin ] --END-- [ RunTime:0.000840s ]
SQL: SHOW COLUMNS FROM `user` [ RunTime:0.0064s ]
SQL: SELECT * FROM `user` WHERE `phone` = '123' LIMIT 1   [ RunTime:0.0002s ]
NOTIC: [8] Undefined index: face_url D:\phpstudy_pro\WWW\treehole\Application\Home\Controller\UserController.class.php 第 77 行.
SQL: INSERT INTO `user` (`username`,`phone`,`password`,`face_url`) VALUES ('龙龙','123','202cb962ac59075b964b07152d234b70',NULL) [ RunTime:0.0765s ]
NOTIC: [8] Undefined index: face_url D:\phpstudy_pro\WWW\treehole\Application\Home\Controller\UserController.class.php 第 90 行.

[ 2020-04-02T11:18:55+08:00 ] ::1 /treehole/index.php/home/User/sign?username=%E9%BE%99%E9%BE%99&phone=12345678910
INFO: [ app_init ] --START--
INFO: Run Behavior\BuildLiteBehavior [ RunTime:0.000010s ]
INFO: [ app_init ] --END-- [ RunTime:0.000597s ]
INFO: [ app_begin ] --START--
INFO: Run Behavior\ReadHtmlCacheBehavior [ RunTime:0.000805s ]
INFO: [ app_begin ] --END-- [ RunTime:0.000864s ]
SQL: SHOW COLUMNS FROM `user` [ RunTime:0.0114s ]
SQL: SELECT * FROM `user` WHERE `phone` = '123' LIMIT 1   [ RunTime:0.0003s ]

[ 2020-04-02T11:20:14+08:00 ] ::1 /treehole/index.php/home/Message/publish_new_message
INFO: [ app_init ] --START--
INFO: Run Behavior\BuildLiteBehavior [ RunTime:0.000006s ]
INFO: [ app_init ] --END-- [ RunTime:0.000456s ]
INFO: [ app_begin ] --START--
INFO: Run Behavior\ReadHtmlCacheBehavior [ RunTime:0.000761s ]
INFO: [ app_begin ] --END-- [ RunTime:0.000798s ]
NOTIC: [8] Undefined index: user_id D:\phpstudy_pro\WWW\treehole\Application\Home\Controller\MessageController.class.php 第 14 行.

[ 2020-04-02T11:20:21+08:00 ] ::1 /treehole/index.php/home/Message/publish_new_message?user_id=1
INFO: [ app_init ] --START--
INFO: Run Behavior\BuildLiteBehavior [ RunTime:0.000006s ]
INFO: [ app_init ] --END-- [ RunTime:0.000325s ]
INFO: [ app_begin ] --START--
INFO: Run Behavior\ReadHtmlCacheBehavior [ RunTime:0.000376s ]
INFO: [ app_begin ] --END-- [ RunTime:0.000398s ]
NOTIC: [8] Undefined index: user_id D:\phpstudy_pro\WWW\treehole\Application\Home\Controller\MessageController.class.php 第 14 行.

[ 2020-04-02T11:20:36+08:00 ] ::1 /treehole/index.php/home/Message/publish_new_message?user_id=1
INFO: [ app_init ] --START--
INFO: Run Behavior\BuildLiteBehavior [ RunTime:0.000008s ]
INFO: [ app_init ] --END-- [ RunTime:0.000670s ]
INFO: [ app_begin ] --START--
INFO: Run Behavior\ReadHtmlCacheBehavior [ RunTime:0.000818s ]
INFO: [ app_begin ] --END-- [ RunTime:0.000865s ]
NOTIC: [8] Undefined index: username D:\phpstudy_pro\WWW\treehole\Application\Home\Controller\MessageController.class.php 第 22 行.

[ 2020-04-02T11:20:43+08:00 ] ::1 /treehole/index.php/home/Message/publish_new_message?user_id=1
INFO: [ app_init ] --START--
INFO: Run Behavior\BuildLiteBehavior [ RunTime:0.000007s ]
INFO: [ app_init ] --END-- [ RunTime:0.000646s ]
INFO: [ app_begin ] --START--
INFO: Run Behavior\ReadHtmlCacheBehavior [ RunTime:0.000581s ]
INFO: [ app_begin ] --END-- [ RunTime:0.000612s ]
NOTIC: [8] Undefined index: username D:\phpstudy_pro\WWW\treehole\Application\Home\Controller\MessageController.class.php 第 22 行.

[ 2020-04-02T11:20:56+08:00 ] ::1 /treehole/index.php/home/Message/publish_new_message?user_id=1
INFO: [ app_init ] --START--
INFO: Run Behavior\BuildLiteBehavior [ RunTime:0.000011s ]
INFO: [ app_init ] --END-- [ RunTime:0.000941s ]
INFO: [ app_begin ] --START--
INFO: Run Behavior\ReadHtmlCacheBehavior [ RunTime:0.000576s ]
INFO: [ app_begin ] --END-- [ RunTime:0.000608s ]
NOTIC: [8] Undefined index: face_url D:\phpstudy_pro\WWW\treehole\Application\Home\Controller\MessageController.class.php 第 30 行.

[ 2020-04-02T11:21:10+08:00 ] ::1 /treehole/index.php/home/Message/publish_new_message?user_id=1
INFO: [ app_init ] --START--
INFO: Run Behavior\BuildLiteBehavior [ RunTime:0.000012s ]
INFO: [ app_init ] --END-- [ RunTime:0.000722s ]
INFO: [ app_begin ] --START--
INFO: Run Behavior\ReadHtmlCacheBehavior [ RunTime:0.001016s ]
INFO: [ app_begin ] --END-- [ RunTime:0.001065s ]
NOTIC: [8] Undefined index: content D:\phpstudy_pro\WWW\treehole\Application\Home\Controller\MessageController.class.php 第 38 行.

[ 2020-04-02T11:21:25+08:00 ] ::1 /treehole/index.php/home/Message/publish_new_message?user_id=1
INFO: [ app_init ] --START--
INFO: Run Behavior\BuildLiteBehavior [ RunTime:0.000005s ]
INFO: [ app_init ] --END-- [ RunTime:0.000299s ]
INFO: [ app_begin ] --START--
INFO: Run Behavior\ReadHtmlCacheBehavior [ RunTime:0.000367s ]
INFO: [ app_begin ] --END-- [ RunTime:0.000389s ]
SQL: SHOW COLUMNS FROM `message` [ RunTime:0.0009s ]
SQL: INSERT INTO `message` (`user_id`,`username`,`face_url`,`content`,`total_likes`,`send_timestamp`) VALUES ('2','龙龙','123.jpg','hello, world!','0','1585797685') [ RunTime:0.0749s ]

[ 2020-04-02T11:21:26+08:00 ] ::1 /treehole/index.php/home/Message/publish_new_message?user_id=1
INFO: [ app_init ] --START--
INFO: Run Behavior\BuildLiteBehavior [ RunTime:0.000010s ]
INFO: [ app_init ] --END-- [ RunTime:0.000648s ]
INFO: [ app_begin ] --START--
INFO: Run Behavior\ReadHtmlCacheBehavior [ RunTime:0.000518s ]
INFO: [ app_begin ] --END-- [ RunTime:0.000555s ]
SQL: SHOW COLUMNS FROM `message` [ RunTime:0.0006s ]
SQL: INSERT INTO `message` (`user_id`,`username`,`face_url`,`content`,`total_likes`,`send_timestamp`) VALUES ('2','龙龙','123.jpg','hello, world!','0','1585797686') [ RunTime:0.0524s ]

[ 2020-04-02T11:21:27+08:00 ] ::1 /treehole/index.php/home/Message/publish_new_message?user_id=1
INFO: [ app_init ] --START--
INFO: Run Behavior\BuildLiteBehavior [ RunTime:0.000006s ]
INFO: [ app_init ] --END-- [ RunTime:0.000343s ]
INFO: [ app_begin ] --START--
INFO: Run Behavior\ReadHtmlCacheBehavior [ RunTime:0.000382s ]
INFO: [ app_begin ] --END-- [ RunTime:0.000402s ]
SQL: SHOW COLUMNS FROM `message` [ RunTime:0.0006s ]
SQL: INSERT INTO `message` (`user_id`,`username`,`face_url`,`content`,`total_likes`,`send_timestamp`) VALUES ('2','龙龙','123.jpg','hello, world!','0','1585797687') [ RunTime:0.0451s ]

[ 2020-04-02T11:38:09+08:00 ] ::1 /treehole/index.php/home/Message/delete_specific_message
INFO: [ app_init ] --START--
INFO: Run Behavior\BuildLiteBehavior [ RunTime:0.000011s ]
INFO: [ app_init ] --END-- [ RunTime:0.000848s ]
INFO: [ app_begin ] --START--
INFO: Run Behavior\ReadHtmlCacheBehavior [ RunTime:0.000977s ]
INFO: [ app_begin ] --END-- [ RunTime:0.001031s ]
SQL: SHOW COLUMNS FROM `message` [ RunTime:0.0006s ]
SQL: SELECT * FROM `message` WHERE `id` = 1 LIMIT 1   [ RunTime:0.0002s ]
SQL: DELETE FROM `message` WHERE `id` = 1 [ RunTime:0.0790s ]

[ 2020-04-02T11:38:29+08:00 ] ::1 /treehole/index.php/home/Message/delete_specific_message
INFO: [ app_init ] --START--
INFO: Run Behavior\BuildLiteBehavior [ RunTime:0.000010s ]
INFO: [ app_init ] --END-- [ RunTime:0.000632s ]
INFO: [ app_begin ] --START--
INFO: Run Behavior\ReadHtmlCacheBehavior [ RunTime:0.000789s ]
INFO: [ app_begin ] --END-- [ RunTime:0.000835s ]
NOTIC: [8] Undefined index: user_id D:\phpstudy_pro\WWW\treehole\Application\Home\Controller\MessageController.class.php 第 235 行.

[ 2020-04-02T11:38:32+08:00 ] ::1 /treehole/index.php/home/Message/delete_specific_message
INFO: [ app_init ] --START--
INFO: Run Behavior\BuildLiteBehavior [ RunTime:0.000010s ]
INFO: [ app_init ] --END-- [ RunTime:0.000662s ]
INFO: [ app_begin ] --START--
INFO: Run Behavior\ReadHtmlCacheBehavior [ RunTime:0.000906s ]
INFO: [ app_begin ] --END-- [ RunTime:0.000958s ]
SQL: SHOW COLUMNS FROM `message` [ RunTime:0.0005s ]
SQL: SELECT * FROM `message` WHERE `id` = 1 LIMIT 1   [ RunTime:0.0002s ]

[ 2020-04-02T11:38:51+08:00 ] ::1 /treehole/index.php/home/Message/delete_specific_message
INFO: [ app_init ] --START--
INFO: Run Behavior\BuildLiteBehavior [ RunTime:0.000010s ]
INFO: [ app_init ] --END-- [ RunTime:0.000594s ]
INFO: [ app_begin ] --START--
INFO: Run Behavior\ReadHtmlCacheBehavior [ RunTime:0.000779s ]
INFO: [ app_begin ] --END-- [ RunTime:0.000823s ]
SQL: SHOW COLUMNS FROM `message` [ RunTime:0.0007s ]
SQL: SELECT * FROM `message` WHERE `id` = 1 LIMIT 1   [ RunTime:0.0004s ]

[ 2020-04-02T11:38:52+08:00 ] ::1 /treehole/index.php/home/Message/delete_specific_message
INFO: [ app_init ] --START--
INFO: Run Behavior\BuildLiteBehavior [ RunTime:0.000006s ]
INFO: [ app_init ] --END-- [ RunTime:0.000411s ]
INFO: [ app_begin ] --START--
INFO: Run Behavior\ReadHtmlCacheBehavior [ RunTime:0.000672s ]
INFO: [ app_begin ] --END-- [ RunTime:0.000713s ]
SQL: SHOW COLUMNS FROM `message` [ RunTime:0.0005s ]
SQL: SELECT * FROM `message` WHERE `id` = 1 LIMIT 1   [ RunTime:0.0002s ]

[ 2020-04-02T12:17:11+08:00 ] ::1 /treehole/index.php/home/User/sign?username=%E9%BE%99%E9%BE%99&phone=12345678910
INFO: [ app_init ] --START--
INFO: Run Behavior\BuildLiteBehavior [ RunTime:0.000011s ]
INFO: [ app_init ] --END-- [ RunTime:0.001005s ]
INFO: [ app_begin ] --START--
INFO: Run Behavior\ReadHtmlCacheBehavior [ RunTime:0.000990s ]
INFO: [ app_begin ] --END-- [ RunTime:0.001045s ]
NOTIC: [8] Undefined index: username D:\phpstudy_pro\WWW\treehole\Application\Home\Controller\UserController.class.php 第 14 行.

[ 2020-04-02T19:45:09+08:00 ] ::1 /treehole/index.php/home/User/sign
INFO: [ app_init ] --START--
INFO: Run Behavior\BuildLiteBehavior [ RunTime:0.000007s ]
INFO: [ app_init ] --END-- [ RunTime:0.001221s ]
INFO: [ app_begin ] --START--
INFO: Run Behavior\ReadHtmlCacheBehavior [ RunTime:0.001220s ]
INFO: [ app_begin ] --END-- [ RunTime:0.001252s ]
NOTIC: [8] Undefined index: username D:\phpstudy_pro\WWW\treehole\Application\Home\Controller\UserController.class.php 第 14 行.

[ 2020-04-02T19:45:14+08:00 ] ::1 /treehole/index.php/home/User/sign
INFO: [ app_init ] --START--
INFO: Run Behavior\BuildLiteBehavior [ RunTime:0.000010s ]
INFO: [ app_init ] --END-- [ RunTime:0.000605s ]
INFO: [ app_begin ] --START--
INFO: Run Behavior\ReadHtmlCacheBehavior [ RunTime:0.000794s ]
INFO: [ app_begin ] --END-- [ RunTime:0.000836s ]
NOTIC: [8] Undefined index: username D:\phpstudy_pro\WWW\treehole\Application\Home\Controller\UserController.class.php 第 14 行.

[ 2020-04-02T19:45:24+08:00 ] ::1 /treehole/index.php/home/User/sign
INFO: [ app_init ] --START--
INFO: Run Behavior\BuildLiteBehavior [ RunTime:0.000009s ]
INFO: [ app_init ] --END-- [ RunTime:0.000629s ]
INFO: [ app_begin ] --START--
INFO: Run Behavior\ReadHtmlCacheBehavior [ RunTime:0.000767s ]
INFO: [ app_begin ] --END-- [ RunTime:0.000811s ]
NOTIC: [8] Undefined index: phone D:\phpstudy_pro\WWW\treehole\Application\Home\Controller\UserController.class.php 第 22 行.

[ 2020-04-02T19:45:31+08:00 ] ::1 /treehole/index.php/home/User/sign
INFO: [ app_init ] --START--
INFO: Run Behavior\BuildLiteBehavior [ RunTime:0.000010s ]
INFO: [ app_init ] --END-- [ RunTime:0.000654s ]
INFO: [ app_begin ] --START--
INFO: Run Behavior\ReadHtmlCacheBehavior [ RunTime:0.000833s ]
INFO: [ app_begin ] --END-- [ RunTime:0.000949s ]
NOTIC: [8] Undefined index: password D:\phpstudy_pro\WWW\treehole\Application\Home\Controller\UserController.class.php 第 30 行.

[ 2020-04-02T19:45:35+08:00 ] ::1 /treehole/index.php/home/User/sign
INFO: [ app_init ] --START--
INFO: Run Behavior\BuildLiteBehavior [ RunTime:0.000012s ]
INFO: [ app_init ] --END-- [ RunTime:0.000897s ]
INFO: [ app_begin ] --START--
INFO: Run Behavior\ReadHtmlCacheBehavior [ RunTime:0.000720s ]
INFO: [ app_begin ] --END-- [ RunTime:0.000767s ]
NOTIC: [8] Undefined index: password_again D:\phpstudy_pro\WWW\treehole\Application\Home\Controller\UserController.class.php 第 38 行.

[ 2020-04-02T19:45:39+08:00 ] ::1 /treehole/index.php/home/User/sign
INFO: [ app_init ] --START--
INFO: Run Behavior\BuildLiteBehavior [ RunTime:0.000011s ]
INFO: [ app_init ] --END-- [ RunTime:0.000638s ]
INFO: [ app_begin ] --START--
INFO: Run Behavior\ReadHtmlCacheBehavior [ RunTime:0.000866s ]
INFO: [ app_begin ] --END-- [ RunTime:0.000926s ]
SQL: SHOW COLUMNS FROM `user` [ RunTime:0.0599s ]
SQL: SELECT * FROM `user` WHERE `phone` = '123' LIMIT 1   [ RunTime:0.0011s ]

[ 2020-04-02T19:45:51+08:00 ] ::1 /treehole/index.php/home/User/sign
INFO: [ app_init ] --START--
INFO: Run Behavior\BuildLiteBehavior [ RunTime:0.000009s ]
INFO: [ app_init ] --END-- [ RunTime:0.000676s ]
INFO: [ app_begin ] --START--
INFO: Run Behavior\ReadHtmlCacheBehavior [ RunTime:0.001280s ]
INFO: [ app_begin ] --END-- [ RunTime:0.001318s ]
SQL: SHOW COLUMNS FROM `user` [ RunTime:0.0083s ]
SQL: SELECT * FROM `user` WHERE `phone` = '123456' LIMIT 1   [ RunTime:0.0004s ]
NOTIC: [8] Undefined index: face_url D:\phpstudy_pro\WWW\treehole\Application\Home\Controller\UserController.class.php 第 77 行.
SQL: INSERT INTO `user` (`username`,`phone`,`password`,`face_url`) VALUES ('龙龙','123456','202cb962ac59075b964b07152d234b70',NULL) [ RunTime:0.0740s ]
NOTIC: [8] Undefined index: face_url D:\phpstudy_pro\WWW\treehole\Application\Home\Controller\UserController.class.php 第 90 行.

[ 2020-04-02T19:47:00+08:00 ] ::1 /treehole/index.php/home/User/login
INFO: [ app_init ] --START--
INFO: Run Behavior\BuildLiteBehavior [ RunTime:0.000008s ]
INFO: [ app_init ] --END-- [ RunTime:0.000646s ]
INFO: [ app_begin ] --START--
INFO: Run Behavior\ReadHtmlCacheBehavior [ RunTime:0.000623s ]
INFO: [ app_begin ] --END-- [ RunTime:0.000651s ]
NOTIC: [8] Undefined index: phone D:\phpstudy_pro\WWW\treehole\Application\Home\Controller\UserController.class.php 第 113 行.

[ 2020-04-02T19:47:20+08:00 ] ::1 /treehole/index.php/home/User/login
INFO: [ app_init ] --START--
INFO: Run Behavior\BuildLiteBehavior [ RunTime:0.000012s ]
INFO: [ app_init ] --END-- [ RunTime:0.001351s ]
INFO: [ app_begin ] --START--
INFO: Run Behavior\ReadHtmlCacheBehavior [ RunTime:0.001378s ]
INFO: [ app_begin ] --END-- [ RunTime:0.001433s ]
NOTIC: [8] Undefined index: password D:\phpstudy_pro\WWW\treehole\Application\Home\Controller\UserController.class.php 第 121 行.

[ 2020-04-02T19:47:27+08:00 ] ::1 /treehole/index.php/home/User/login
INFO: [ app_init ] --START--
INFO: Run Behavior\BuildLiteBehavior [ RunTime:0.000010s ]
INFO: [ app_init ] --END-- [ RunTime:0.000642s ]
INFO: [ app_begin ] --START--
INFO: Run Behavior\ReadHtmlCacheBehavior [ RunTime:0.000763s ]
INFO: [ app_begin ] --END-- [ RunTime:0.000803s ]
SQL: SHOW COLUMNS FROM `user` [ RunTime:0.0056s ]
SQL: SELECT * FROM `user` WHERE `phone` = '123456' LIMIT 1   [ RunTime:0.0004s ]

