[ 2020-03-31T20:49:51+08:00 ] ::1 /treehole/treehole/index.php/home/index/test
INFO: [ app_init ] --START--
INFO: Run Behavior\BuildLiteBehavior [ RunTime:0.000012s ]
INFO: [ app_init ] --END-- [ RunTime:0.001420s ]
INFO: [ app_begin ] --START--
INFO: Run Behavior\ReadHtmlCacheBehavior [ RunTime:0.001547s ]
INFO: [ app_begin ] --END-- [ RunTime:0.001593s ]
INFO: [ app_end ] --START--
INFO: Run Behavior\ShowPageTraceBehavior [ RunTime:0.018567s ]
INFO: [ app_end ] --END-- [ RunTime:0.018631s ]

[ 2020-03-31T20:50:17+08:00 ] ::1 /treehole/treehole/index.php/home/user/sign
INFO: [ app_init ] --START--
INFO: Run Behavior\BuildLiteBehavior [ RunTime:0.000006s ]
INFO: [ app_init ] --END-- [ RunTime:0.000415s ]
INFO: [ app_begin ] --START--
INFO: Run Behavior\ReadHtmlCacheBehavior [ RunTime:0.001409s ]
INFO: [ app_begin ] --END-- [ RunTime:0.001450s ]
ERR: syntax error, unexpected '！' (T_STRING)

[ 2020-03-31T20:50:33+08:00 ] ::1 /treehole/treehole/index.php/home/user/sign
INFO: [ app_init ] --START--
INFO: Run Behavior\BuildLiteBehavior [ RunTime:0.000006s ]
INFO: [ app_init ] --END-- [ RunTime:0.000357s ]
INFO: [ app_begin ] --START--
INFO: Run Behavior\ReadHtmlCacheBehavior [ RunTime:0.000472s ]
INFO: [ app_begin ] --END-- [ RunTime:0.000504s ]
ERR: syntax error, unexpected '！' (T_STRING)

[ 2020-03-31T20:52:20+08:00 ] ::1 /treehole/treehole/index.php/home/user/sign
INFO: [ app_init ] --START--
INFO: Run Behavior\BuildLiteBehavior [ RunTime:0.000008s ]
INFO: [ app_init ] --END-- [ RunTime:0.000666s ]
INFO: [ app_begin ] --START--
INFO: Run Behavior\ReadHtmlCacheBehavior [ RunTime:0.000582s ]
INFO: [ app_begin ] --END-- [ RunTime:0.000610s ]
ERR: syntax error, unexpected '！' (T_STRING)

[ 2020-03-31T20:53:22+08:00 ] ::1 /treehole/treehole/index.php/home/user/sign
INFO: [ app_init ] --START--
INFO: Run Behavior\BuildLiteBehavior [ RunTime:0.000006s ]
INFO: [ app_init ] --END-- [ RunTime:0.000296s ]
INFO: [ app_begin ] --START--
INFO: Run Behavior\ReadHtmlCacheBehavior [ RunTime:0.000384s ]
INFO: [ app_begin ] --END-- [ RunTime:0.000405s ]
ERR: syntax error, unexpected '！' (T_STRING)

[ 2020-03-31T20:53:40+08:00 ] ::1 /treehole/treehole/index.php/home/user/sign
INFO: [ app_init ] --START--
INFO: Run Behavior\BuildLiteBehavior [ RunTime:0.000012s ]
INFO: [ app_init ] --END-- [ RunTime:0.001189s ]
INFO: [ app_begin ] --START--
INFO: Run Behavior\ReadHtmlCacheBehavior [ RunTime:0.000900s ]
INFO: [ app_begin ] --END-- [ RunTime:0.000948s ]
ERR: syntax error, unexpected '！' (T_STRING)

[ 2020-03-31T20:53:41+08:00 ] ::1 /treehole/treehole/index.php/home/user/sign
INFO: [ app_init ] --START--
INFO: Run Behavior\BuildLiteBehavior [ RunTime:0.000010s ]
INFO: [ app_init ] --END-- [ RunTime:0.000698s ]
INFO: [ app_begin ] --START--
INFO: Run Behavior\ReadHtmlCacheBehavior [ RunTime:0.000796s ]
INFO: [ app_begin ] --END-- [ RunTime:0.000844s ]
ERR: syntax error, unexpected '！' (T_STRING)

[ 2020-03-31T20:53:47+08:00 ] ::1 /treehole/treehole/index.php/home/user/sign
INFO: [ app_init ] --START--
INFO: Run Behavior\BuildLiteBehavior [ RunTime:0.000009s ]
INFO: [ app_init ] --END-- [ RunTime:0.000584s ]
INFO: [ app_begin ] --START--
INFO: Run Behavior\ReadHtmlCacheBehavior [ RunTime:0.000936s ]
INFO: [ app_begin ] --END-- [ RunTime:0.000976s ]
ERR: syntax error, unexpected '！' (T_STRING)

[ 2020-03-31T22:25:11+08:00 ] ::1 /treehole/treehole/index.php/home/user/sign
INFO: [ app_init ] --START--
INFO: Run Behavior\BuildLiteBehavior [ RunTime:0.000054s ]
INFO: [ app_init ] --END-- [ RunTime:0.000461s ]
INFO: [ app_begin ] --START--
INFO: Run Behavior\ReadHtmlCacheBehavior [ RunTime:0.000473s ]
INFO: [ app_begin ] --END-- [ RunTime:0.000492s ]
NOTIC: [8] Undefined index: username D:\phpstudy_pro\WWW\treehole\treehole\Application\Home\Controller\UserController.class.php 第 14 行.

[ 2020-03-31T22:25:29+08:00 ] ::1 /treehole/treehole/index.php/home/user/sign
INFO: [ app_init ] --START--
INFO: Run Behavior\BuildLiteBehavior [ RunTime:0.000006s ]
INFO: [ app_init ] --END-- [ RunTime:0.000373s ]
INFO: [ app_begin ] --START--
INFO: Run Behavior\ReadHtmlCacheBehavior [ RunTime:0.000456s ]
INFO: [ app_begin ] --END-- [ RunTime:0.000477s ]
ERR: syntax error, unexpected '！' (T_STRING)

[ 2020-03-31T22:25:48+08:00 ] ::1 /treehole/treehole/index.php/home/user/sign
INFO: [ app_init ] --START--
INFO: Run Behavior\BuildLiteBehavior [ RunTime:0.000009s ]
INFO: [ app_init ] --END-- [ RunTime:0.000577s ]
INFO: [ app_begin ] --START--
INFO: Run Behavior\ReadHtmlCacheBehavior [ RunTime:0.000602s ]
INFO: [ app_begin ] --END-- [ RunTime:0.000631s ]
NOTIC: [8] Undefined index: username D:\phpstudy_pro\WWW\treehole\treehole\Application\Home\Controller\UserController.class.php 第 14 行.

[ 2020-03-31T22:25:54+08:00 ] ::1 /treehole/treehole/index.php/home/user/sign
INFO: [ app_init ] --START--
INFO: Run Behavior\BuildLiteBehavior [ RunTime:0.000011s ]
INFO: [ app_init ] --END-- [ RunTime:0.000635s ]
INFO: [ app_begin ] --START--
INFO: Run Behavior\ReadHtmlCacheBehavior [ RunTime:0.000881s ]
INFO: [ app_begin ] --END-- [ RunTime:0.000942s ]

[ 2020-03-31T22:26:08+08:00 ] ::1 /treehole/treehole/index.php/home/user/sign
INFO: [ app_init ] --START--
INFO: Run Behavior\BuildLiteBehavior [ RunTime:0.000005s ]
INFO: [ app_init ] --END-- [ RunTime:0.000347s ]
INFO: [ app_begin ] --START--
INFO: Run Behavior\ReadHtmlCacheBehavior [ RunTime:0.000384s ]
INFO: [ app_begin ] --END-- [ RunTime:0.000402s ]
SQL: SHOW COLUMNS FROM `user` [ RunTime:0.0047s ]
SQL: SELECT * FROM `user` WHERE `phone` = '17720762997' LIMIT 1   [ RunTime:0.0002s ]
SQL: INSERT INTO `user` (`username`,`phone`,`password`,`face_url`) VALUES ('张三','17720762997','e10adc3949ba59abbe56e057f20f883e','xxx.jpg') [ RunTime:0.0558s ]

[ 2020-03-31T22:35:28+08:00 ] ::1 /treehole/treehole/index.php/home/user/sign
INFO: [ app_init ] --START--
INFO: Run Behavior\BuildLiteBehavior [ RunTime:0.000005s ]
INFO: [ app_init ] --END-- [ RunTime:0.000400s ]
INFO: [ app_begin ] --START--
INFO: Run Behavior\ReadHtmlCacheBehavior [ RunTime:0.000457s ]
INFO: [ app_begin ] --END-- [ RunTime:0.000476s ]
NOTIC: [8] Undefined index: username D:\phpstudy_pro\WWW\treehole\treehole\Application\Home\Controller\UserController.class.php 第 14 行.

[ 2020-03-31T22:46:51+08:00 ] ::1 /treehole/treehole/index.php/home/user/sign
INFO: [ app_init ] --START--
INFO: Run Behavior\BuildLiteBehavior [ RunTime:0.000009s ]
INFO: [ app_init ] --END-- [ RunTime:0.000714s ]
INFO: [ app_begin ] --START--
INFO: Run Behavior\ReadHtmlCacheBehavior [ RunTime:0.001252s ]
INFO: [ app_begin ] --END-- [ RunTime:0.001313s ]
NOTIC: [8] Undefined index: username D:\phpstudy_pro\WWW\treehole\treehole\Application\Home\Controller\UserController.class.php 第 14 行.

[ 2020-03-31T22:47:05+08:00 ] ::1 /treehole/treehole/index.php/home/user/login
INFO: [ app_init ] --START--
INFO: Run Behavior\BuildLiteBehavior [ RunTime:0.000007s ]
INFO: [ app_init ] --END-- [ RunTime:0.000634s ]
INFO: [ app_begin ] --START--
INFO: Run Behavior\ReadHtmlCacheBehavior [ RunTime:0.000681s ]
INFO: [ app_begin ] --END-- [ RunTime:0.000713s ]
NOTIC: [8] Undefined index: phone D:\phpstudy_pro\WWW\treehole\treehole\Application\Home\Controller\UserController.class.php 第 113 行.

[ 2020-03-31T22:47:12+08:00 ] ::1 /treehole/treehole/index.php/home/user/login
INFO: [ app_init ] --START--
INFO: Run Behavior\BuildLiteBehavior [ RunTime:0.000010s ]
INFO: [ app_init ] --END-- [ RunTime:0.000564s ]
INFO: [ app_begin ] --START--
INFO: Run Behavior\ReadHtmlCacheBehavior [ RunTime:0.000708s ]
INFO: [ app_begin ] --END-- [ RunTime:0.000743s ]

[ 2020-03-31T22:47:20+08:00 ] ::1 /treehole/treehole/index.php/home/user/login
INFO: [ app_init ] --START--
INFO: Run Behavior\BuildLiteBehavior [ RunTime:0.000010s ]
INFO: [ app_init ] --END-- [ RunTime:0.000838s ]
INFO: [ app_begin ] --START--
INFO: Run Behavior\ReadHtmlCacheBehavior [ RunTime:0.000493s ]
INFO: [ app_begin ] --END-- [ RunTime:0.000517s ]
NOTIC: [8] Undefined index: password D:\phpstudy_pro\WWW\treehole\treehole\Application\Home\Controller\UserController.class.php 第 121 行.

[ 2020-03-31T22:47:29+08:00 ] ::1 /treehole/treehole/index.php/home/user/login
INFO: [ app_init ] --START--
INFO: Run Behavior\BuildLiteBehavior [ RunTime:0.000007s ]
INFO: [ app_init ] --END-- [ RunTime:0.000359s ]
INFO: [ app_begin ] --START--
INFO: Run Behavior\ReadHtmlCacheBehavior [ RunTime:0.000669s ]
INFO: [ app_begin ] --END-- [ RunTime:0.000702s ]
SQL: SHOW COLUMNS FROM `user` [ RunTime:0.0008s ]
SQL: SELECT * FROM `user` WHERE `phone` = '17720762999' LIMIT 1   [ RunTime:0.0003s ]

[ 2020-03-31T22:47:35+08:00 ] ::1 /treehole/treehole/index.php/home/user/login
INFO: [ app_init ] --START--
INFO: Run Behavior\BuildLiteBehavior [ RunTime:0.000009s ]
INFO: [ app_init ] --END-- [ RunTime:0.000582s ]
INFO: [ app_begin ] --START--
INFO: Run Behavior\ReadHtmlCacheBehavior [ RunTime:0.000538s ]
INFO: [ app_begin ] --END-- [ RunTime:0.000568s ]
SQL: SHOW COLUMNS FROM `user` [ RunTime:0.0057s ]
SQL: SELECT * FROM `user` WHERE `phone` = '17720762997' LIMIT 1   [ RunTime:0.0004s ]

[ 2020-03-31T22:56:51+08:00 ] ::1 /treehole/treehole/index.php/home/message/publish_new_message
INFO: [ app_init ] --START--
INFO: Run Behavior\BuildLiteBehavior [ RunTime:0.000009s ]
INFO: [ app_init ] --END-- [ RunTime:0.000533s ]
INFO: [ app_begin ] --START--
INFO: Run Behavior\ReadHtmlCacheBehavior [ RunTime:0.000958s ]
INFO: [ app_begin ] --END-- [ RunTime:0.000995s ]
NOTIC: [8] Undefined index: user_id D:\phpstudy_pro\WWW\treehole\treehole\Application\Home\Controller\MessageController.class.php 第 14 行.

[ 2020-03-31T22:57:01+08:00 ] ::1 /treehole/treehole/index.php/home/message/publish_new_message?user_id=1
INFO: [ app_init ] --START--
INFO: Run Behavior\BuildLiteBehavior [ RunTime:0.000012s ]
INFO: [ app_init ] --END-- [ RunTime:0.000967s ]
INFO: [ app_begin ] --START--
INFO: Run Behavior\ReadHtmlCacheBehavior [ RunTime:0.001132s ]
INFO: [ app_begin ] --END-- [ RunTime:0.001183s ]
NOTIC: [8] Undefined index: user_id D:\phpstudy_pro\WWW\treehole\treehole\Application\Home\Controller\MessageController.class.php 第 14 行.

[ 2020-03-31T22:57:07+08:00 ] ::1 /treehole/treehole/index.php/home/message/publish_new_message?user_id=1
INFO: [ app_init ] --START--
INFO: Run Behavior\BuildLiteBehavior [ RunTime:0.000009s ]
INFO: [ app_init ] --END-- [ RunTime:0.000577s ]
INFO: [ app_begin ] --START--
INFO: Run Behavior\ReadHtmlCacheBehavior [ RunTime:0.000781s ]
INFO: [ app_begin ] --END-- [ RunTime:0.000825s ]
NOTIC: [8] Undefined index: user_id D:\phpstudy_pro\WWW\treehole\treehole\Application\Home\Controller\MessageController.class.php 第 14 行.

[ 2020-03-31T22:57:15+08:00 ] ::1 /treehole/treehole/index.php/home/message/publish_new_message?user_id=1
INFO: [ app_init ] --START--
INFO: Run Behavior\BuildLiteBehavior [ RunTime:0.000008s ]
INFO: [ app_init ] --END-- [ RunTime:0.000508s ]
INFO: [ app_begin ] --START--
INFO: Run Behavior\ReadHtmlCacheBehavior [ RunTime:0.000684s ]
INFO: [ app_begin ] --END-- [ RunTime:0.000721s ]
NOTIC: [8] Undefined index: user_id D:\phpstudy_pro\WWW\treehole\treehole\Application\Home\Controller\MessageController.class.php 第 14 行.

[ 2020-03-31T22:57:19+08:00 ] ::1 /treehole/treehole/index.php/home/message/publish_new_message?user_id=11
INFO: [ app_init ] --START--
INFO: Run Behavior\BuildLiteBehavior [ RunTime:0.000007s ]
INFO: [ app_init ] --END-- [ RunTime:0.000827s ]
INFO: [ app_begin ] --START--
INFO: Run Behavior\ReadHtmlCacheBehavior [ RunTime:0.000513s ]
INFO: [ app_begin ] --END-- [ RunTime:0.000538s ]
NOTIC: [8] Undefined index: user_id D:\phpstudy_pro\WWW\treehole\treehole\Application\Home\Controller\MessageController.class.php 第 14 行.

[ 2020-03-31T22:58:09+08:00 ] ::1 /treehole/treehole/index.php/home/message/publish_new_message?user_id=1&username=hong
INFO: [ app_init ] --START--
INFO: Run Behavior\BuildLiteBehavior [ RunTime:0.000016s ]
INFO: [ app_init ] --END-- [ RunTime:0.000534s ]
INFO: [ app_begin ] --START--
INFO: Run Behavior\ReadHtmlCacheBehavior [ RunTime:0.000537s ]
INFO: [ app_begin ] --END-- [ RunTime:0.000565s ]
NOTIC: [8] Undefined index: user_id D:\phpstudy_pro\WWW\treehole\treehole\Application\Home\Controller\MessageController.class.php 第 14 行.

[ 2020-03-31T22:58:24+08:00 ] ::1 /treehole/treehole/index.php/home/message/publish_new_message
INFO: [ app_init ] --START--
INFO: Run Behavior\BuildLiteBehavior [ RunTime:0.000009s ]
INFO: [ app_init ] --END-- [ RunTime:0.000633s ]
INFO: [ app_begin ] --START--
INFO: Run Behavior\ReadHtmlCacheBehavior [ RunTime:0.000853s ]
INFO: [ app_begin ] --END-- [ RunTime:0.000897s ]
NOTIC: [8] Undefined index: user_id D:\phpstudy_pro\WWW\treehole\treehole\Application\Home\Controller\MessageController.class.php 第 14 行.

[ 2020-03-31T22:58:32+08:00 ] ::1 /treehole/treehole/index.php/home/Message/publish_new_message
INFO: [ app_init ] --START--
INFO: Run Behavior\BuildLiteBehavior [ RunTime:0.000008s ]
INFO: [ app_init ] --END-- [ RunTime:0.000507s ]
INFO: [ app_begin ] --START--
INFO: Run Behavior\ReadHtmlCacheBehavior [ RunTime:0.000468s ]
INFO: [ app_begin ] --END-- [ RunTime:0.000492s ]
NOTIC: [8] Undefined index: user_id D:\phpstudy_pro\WWW\treehole\treehole\Application\Home\Controller\MessageController.class.php 第 14 行.

[ 2020-03-31T22:58:39+08:00 ] ::1 /treehole/treehole/index.php/home/Message/publish_new_message?user_id=1
INFO: [ app_init ] --START--
INFO: Run Behavior\BuildLiteBehavior [ RunTime:0.000026s ]
INFO: [ app_init ] --END-- [ RunTime:0.001406s ]
INFO: [ app_begin ] --START--
INFO: Run Behavior\ReadHtmlCacheBehavior [ RunTime:0.000859s ]
INFO: [ app_begin ] --END-- [ RunTime:0.000897s ]
NOTIC: [8] Undefined index: user_id D:\phpstudy_pro\WWW\treehole\treehole\Application\Home\Controller\MessageController.class.php 第 14 行.

[ 2020-03-31T22:58:41+08:00 ] ::1 /treehole/treehole/index.php/home/Message/publish_new_message?user_id=1
INFO: [ app_init ] --START--
INFO: Run Behavior\BuildLiteBehavior [ RunTime:0.000010s ]
INFO: [ app_init ] --END-- [ RunTime:0.000531s ]
INFO: [ app_begin ] --START--
INFO: Run Behavior\ReadHtmlCacheBehavior [ RunTime:0.000814s ]
INFO: [ app_begin ] --END-- [ RunTime:0.000855s ]
NOTIC: [8] Undefined index: user_id D:\phpstudy_pro\WWW\treehole\treehole\Application\Home\Controller\MessageController.class.php 第 14 行.

[ 2020-03-31T22:59:25+08:00 ] ::1 /treehole/treehole/index.php/home/Message/publish_new_message?user_id=1
INFO: [ app_init ] --START--
INFO: Run Behavior\BuildLiteBehavior [ RunTime:0.000009s ]
INFO: [ app_init ] --END-- [ RunTime:0.000797s ]
INFO: [ app_begin ] --START--
INFO: Run Behavior\ReadHtmlCacheBehavior [ RunTime:0.001016s ]
INFO: [ app_begin ] --END-- [ RunTime:0.001062s ]
NOTIC: [8] Undefined index: user_id D:\phpstudy_pro\WWW\treehole\treehole\Application\Home\Controller\MessageController.class.php 第 14 行.

[ 2020-03-31T23:00:17+08:00 ] ::1 /treehole/treehole/index.php/home/Message/publish_new_message?user_id=1&username=hong&face_url=xxx.jpg&content=%E4%B8%8D%E5%BC%80%E5%BF%83
INFO: [ app_init ] --START--
INFO: Run Behavior\BuildLiteBehavior [ RunTime:0.000008s ]
INFO: [ app_init ] --END-- [ RunTime:0.000669s ]
INFO: [ app_begin ] --START--
INFO: Run Behavior\ReadHtmlCacheBehavior [ RunTime:0.001054s ]
INFO: [ app_begin ] --END-- [ RunTime:0.001100s ]
NOTIC: [8] Undefined index: user_id D:\phpstudy_pro\WWW\treehole\treehole\Application\Home\Controller\MessageController.class.php 第 14 行.

[ 2020-03-31T23:00:19+08:00 ] ::1 /treehole/treehole/index.php/home/Message/publish_new_message?user_id=1&username=hong&face_url=xxx.jpg&content=%E4%B8%8D%E5%BC%80%E5%BF%83
INFO: [ app_init ] --START--
INFO: Run Behavior\BuildLiteBehavior [ RunTime:0.000011s ]
INFO: [ app_init ] --END-- [ RunTime:0.000690s ]
INFO: [ app_begin ] --START--
INFO: Run Behavior\ReadHtmlCacheBehavior [ RunTime:0.000746s ]
INFO: [ app_begin ] --END-- [ RunTime:0.000786s ]
NOTIC: [8] Undefined index: user_id D:\phpstudy_pro\WWW\treehole\treehole\Application\Home\Controller\MessageController.class.php 第 14 行.

[ 2020-03-31T23:01:21+08:00 ] ::1 /treehole/treehole/index.php/home/Message/publish_new_message
INFO: [ app_init ] --START--
INFO: Run Behavior\BuildLiteBehavior [ RunTime:0.000012s ]
INFO: [ app_init ] --END-- [ RunTime:0.001356s ]
INFO: [ app_begin ] --START--
INFO: Run Behavior\ReadHtmlCacheBehavior [ RunTime:0.000813s ]
INFO: [ app_begin ] --END-- [ RunTime:0.000857s ]
NOTIC: [8] Undefined index: user_id D:\phpstudy_pro\WWW\treehole\treehole\Application\Home\Controller\MessageController.class.php 第 14 行.

[ 2020-03-31T23:01:31+08:00 ] ::1 /treehole/treehole/index.php/home/Message/publish_new_message?user_id=1&username=hong&face_url=xxx.jpg&content=%E4%B8%8D%E5%BC%80%E5%BF%83
INFO: [ app_init ] --START--
INFO: Run Behavior\BuildLiteBehavior [ RunTime:0.000007s ]
INFO: [ app_init ] --END-- [ RunTime:0.000579s ]
INFO: [ app_begin ] --START--
INFO: Run Behavior\ReadHtmlCacheBehavior [ RunTime:0.000790s ]
INFO: [ app_begin ] --END-- [ RunTime:0.000824s ]
NOTIC: [8] Undefined index: user_id D:\phpstudy_pro\WWW\treehole\treehole\Application\Home\Controller\MessageController.class.php 第 14 行.

[ 2020-03-31T23:02:00+08:00 ] ::1 /treehole/treehole/index.php/home/Message/publish_new_message?user_id=1&username=hong&face_url=xxx.jpg&content=%E4%B8%8D%E5%BC%80%E5%BF%83
INFO: [ app_init ] --START--
INFO: Run Behavior\BuildLiteBehavior [ RunTime:0.000009s ]
INFO: [ app_init ] --END-- [ RunTime:0.000560s ]
INFO: [ app_begin ] --START--
INFO: Run Behavior\ReadHtmlCacheBehavior [ RunTime:0.000689s ]
INFO: [ app_begin ] --END-- [ RunTime:0.000723s ]
NOTIC: [8] Undefined index: username D:\phpstudy_pro\WWW\treehole\treehole\Application\Home\Controller\MessageController.class.php 第 22 行.

[ 2020-03-31T23:02:06+08:00 ] ::1 /treehole/treehole/index.php/home/Message/publish_new_message?username=hong&face_url=xxx.jpg&content=%E4%B8%8D%E5%BC%80%E5%BF%83
INFO: [ app_init ] --START--
INFO: Run Behavior\BuildLiteBehavior [ RunTime:0.000007s ]
INFO: [ app_init ] --END-- [ RunTime:0.000390s ]
INFO: [ app_begin ] --START--
INFO: Run Behavior\ReadHtmlCacheBehavior [ RunTime:0.000501s ]
INFO: [ app_begin ] --END-- [ RunTime:0.000525s ]
NOTIC: [8] Undefined index: username D:\phpstudy_pro\WWW\treehole\treehole\Application\Home\Controller\MessageController.class.php 第 22 行.

[ 2020-03-31T23:02:07+08:00 ] ::1 /treehole/treehole/index.php/home/Message/publish_new_message?username=hong&face_url=xxx.jpg&content=%E4%B8%8D%E5%BC%80%E5%BF%83
INFO: [ app_init ] --START--
INFO: Run Behavior\BuildLiteBehavior [ RunTime:0.000007s ]
INFO: [ app_init ] --END-- [ RunTime:0.000432s ]
INFO: [ app_begin ] --START--
INFO: Run Behavior\ReadHtmlCacheBehavior [ RunTime:0.001264s ]
INFO: [ app_begin ] --END-- [ RunTime:0.001317s ]
NOTIC: [8] Undefined index: username D:\phpstudy_pro\WWW\treehole\treehole\Application\Home\Controller\MessageController.class.php 第 22 行.

[ 2020-03-31T23:02:44+08:00 ] ::1 /treehole/treehole/index.php/home/Message/publish_new_message?username=%E5%BC%A0%E4%B8%89&face_url=xxx.jpg&content=%E4%B8%8D%E5%BC%80%E5%BF%83
INFO: [ app_init ] --START--
INFO: Run Behavior\BuildLiteBehavior [ RunTime:0.000010s ]
INFO: [ app_init ] --END-- [ RunTime:0.000869s ]
INFO: [ app_begin ] --START--
INFO: Run Behavior\ReadHtmlCacheBehavior [ RunTime:0.000984s ]
INFO: [ app_begin ] --END-- [ RunTime:0.001025s ]
NOTIC: [8] Undefined index: username D:\phpstudy_pro\WWW\treehole\treehole\Application\Home\Controller\MessageController.class.php 第 22 行.

[ 2020-03-31T23:02:45+08:00 ] ::1 /treehole/treehole/index.php/home/Message/publish_new_message?username=%E5%BC%A0%E4%B8%89&face_url=xxx.jpg&content=%E4%B8%8D%E5%BC%80%E5%BF%83
INFO: [ app_init ] --START--
INFO: Run Behavior\BuildLiteBehavior [ RunTime:0.000012s ]
INFO: [ app_init ] --END-- [ RunTime:0.001390s ]
INFO: [ app_begin ] --START--
INFO: Run Behavior\ReadHtmlCacheBehavior [ RunTime:0.000935s ]
INFO: [ app_begin ] --END-- [ RunTime:0.001087s ]
NOTIC: [8] Undefined index: username D:\phpstudy_pro\WWW\treehole\treehole\Application\Home\Controller\MessageController.class.php 第 22 行.

[ 2020-03-31T23:04:24+08:00 ] ::1 /treehole/treehole/index.php/home/Message/publish_new_message?user_id=1&username=%E5%BC%A0%E4%B8%89&face_url=xxx.jpg&content=%E4%B8%8D%E5%BC%80%E5%BF%83
INFO: [ app_init ] --START--
INFO: Run Behavior\BuildLiteBehavior [ RunTime:0.000010s ]
INFO: [ app_init ] --END-- [ RunTime:0.000644s ]
INFO: [ app_begin ] --START--
INFO: Run Behavior\ReadHtmlCacheBehavior [ RunTime:0.001265s ]
INFO: [ app_begin ] --END-- [ RunTime:0.001319s ]
NOTIC: [8] Undefined index: user_id D:\phpstudy_pro\WWW\treehole\treehole\Application\Home\Controller\MessageController.class.php 第 14 行.

[ 2020-03-31T23:04:25+08:00 ] ::1 /treehole/treehole/index.php/home/Message/publish_new_message?user_id=1&username=%E5%BC%A0%E4%B8%89&face_url=xxx.jpg&content=%E4%B8%8D%E5%BC%80%E5%BF%83
INFO: [ app_init ] --START--
INFO: Run Behavior\BuildLiteBehavior [ RunTime:0.000010s ]
INFO: [ app_init ] --END-- [ RunTime:0.000643s ]
INFO: [ app_begin ] --START--
INFO: Run Behavior\ReadHtmlCacheBehavior [ RunTime:0.000805s ]
INFO: [ app_begin ] --END-- [ RunTime:0.000849s ]
NOTIC: [8] Undefined index: user_id D:\phpstudy_pro\WWW\treehole\treehole\Application\Home\Controller\MessageController.class.php 第 14 行.

[ 2020-03-31T23:04:46+08:00 ] ::1 /treehole/treehole/index.php/home/Message/publish_new_message?user_id=1&username=%E5%BC%A0%E4%B8%89&face_url=xxx.jpg&content=%E4%B8%8D%E5%BC%80%E5%BF%83
INFO: [ app_init ] --START--
INFO: Run Behavior\BuildLiteBehavior [ RunTime:0.000011s ]
INFO: [ app_init ] --END-- [ RunTime:0.000907s ]
INFO: [ app_begin ] --START--
INFO: Run Behavior\ReadHtmlCacheBehavior [ RunTime:0.001008s ]
INFO: [ app_begin ] --END-- [ RunTime:0.001056s ]
NOTIC: [8] Undefined index: user_id D:\phpstudy_pro\WWW\treehole\treehole\Application\Home\Controller\MessageController.class.php 第 14 行.

[ 2020-03-31T23:05:29+08:00 ] ::1 /treehole/treehole/index.php/home/Message/publish_new_message?user_id=000&username=%E5%BC%A0%E4%B8%89&face_url=xxx.jpg&content=%E4%B8%8D%E5%BC%80%E5%BF%83
INFO: [ app_init ] --START--
INFO: Run Behavior\BuildLiteBehavior [ RunTime:0.000011s ]
INFO: [ app_init ] --END-- [ RunTime:0.000920s ]
INFO: [ app_begin ] --START--
INFO: Run Behavior\ReadHtmlCacheBehavior [ RunTime:0.001381s ]
INFO: [ app_begin ] --END-- [ RunTime:0.001456s ]
NOTIC: [8] Undefined index: user_id D:\phpstudy_pro\WWW\treehole\treehole\Application\Home\Controller\MessageController.class.php 第 14 行.

[ 2020-03-31T23:05:31+08:00 ] ::1 /treehole/treehole/index.php/home/Message/publish_new_message?user_id=000&username=%E5%BC%A0%E4%B8%89&face_url=xxx.jpg&content=%E4%B8%8D%E5%BC%80%E5%BF%83
INFO: [ app_init ] --START--
INFO: Run Behavior\BuildLiteBehavior [ RunTime:0.000009s ]
INFO: [ app_init ] --END-- [ RunTime:0.000577s ]
INFO: [ app_begin ] --START--
INFO: Run Behavior\ReadHtmlCacheBehavior [ RunTime:0.000629s ]
INFO: [ app_begin ] --END-- [ RunTime:0.000662s ]
NOTIC: [8] Undefined index: user_id D:\phpstudy_pro\WWW\treehole\treehole\Application\Home\Controller\MessageController.class.php 第 14 行.

[ 2020-03-31T23:05:39+08:00 ] ::1 /treehole/treehole/index.php/home/Message/publish_new_message?user_id=1&username=%E5%BC%A0%E4%B8%89&face_url=xxx.jpg&content=%E4%B8%8D%E5%BC%80%E5%BF%83
INFO: [ app_init ] --START--
INFO: Run Behavior\BuildLiteBehavior [ RunTime:0.000007s ]
INFO: [ app_init ] --END-- [ RunTime:0.000455s ]
INFO: [ app_begin ] --START--
INFO: Run Behavior\ReadHtmlCacheBehavior [ RunTime:0.000504s ]
INFO: [ app_begin ] --END-- [ RunTime:0.000531s ]
NOTIC: [8] Undefined index: user_id D:\phpstudy_pro\WWW\treehole\treehole\Application\Home\Controller\MessageController.class.php 第 14 行.

[ 2020-03-31T23:05:41+08:00 ] ::1 /treehole/treehole/index.php/home/Message/publish_new_message?user_id=1&username=%E5%BC%A0%E4%B8%89&face_url=xxx.jpg&content=%E4%B8%8D%E5%BC%80%E5%BF%83
INFO: [ app_init ] --START--
INFO: Run Behavior\BuildLiteBehavior [ RunTime:0.000009s ]
INFO: [ app_init ] --END-- [ RunTime:0.000622s ]
INFO: [ app_begin ] --START--
INFO: Run Behavior\ReadHtmlCacheBehavior [ RunTime:0.000823s ]
INFO: [ app_begin ] --END-- [ RunTime:0.000877s ]
NOTIC: [8] Undefined index: user_id D:\phpstudy_pro\WWW\treehole\treehole\Application\Home\Controller\MessageController.class.php 第 14 行.

[ 2020-03-31T23:06:26+08:00 ] ::1 /treehole/treehole/index.php/home/Message/publish_new_message?user_id=1&username=%E5%BC%A0%E4%B8%89&face_url=xxx.jpg&content=%E4%B8%8D%E5%BC%80%E5%BF%83
INFO: [ app_init ] --START--
INFO: Run Behavior\BuildLiteBehavior [ RunTime:0.000012s ]
INFO: [ app_init ] --END-- [ RunTime:0.001635s ]
INFO: [ app_begin ] --START--
INFO: Run Behavior\ReadHtmlCacheBehavior [ RunTime:0.000811s ]
INFO: [ app_begin ] --END-- [ RunTime:0.000874s ]
NOTIC: [8] Undefined index: user_id D:\phpstudy_pro\WWW\treehole\treehole\Application\Home\Controller\MessageController.class.php 第 14 行.

[ 2020-03-31T23:07:04+08:00 ] ::1 /treehole/treehole/index.php/home/user/login
INFO: [ app_init ] --START--
INFO: Run Behavior\BuildLiteBehavior [ RunTime:0.000007s ]
INFO: [ app_init ] --END-- [ RunTime:0.000603s ]
INFO: [ app_begin ] --START--
INFO: Run Behavior\ReadHtmlCacheBehavior [ RunTime:0.000944s ]
INFO: [ app_begin ] --END-- [ RunTime:0.000983s ]
SQL: SHOW COLUMNS FROM `user` [ RunTime:0.0079s ]
SQL: SELECT * FROM `user` WHERE `phone` = '17720762997' LIMIT 1   [ RunTime:0.0004s ]

[ 2020-03-31T23:07:13+08:00 ] ::1 /treehole/treehole/index.php/home/Message/publish_new_message?user_id=1&username=%E5%BC%A0%E4%B8%89&face_url=xxx.jpg&content=%E4%B8%8D%E5%BC%80%E5%BF%83
INFO: [ app_init ] --START--
INFO: Run Behavior\BuildLiteBehavior [ RunTime:0.000012s ]
INFO: [ app_init ] --END-- [ RunTime:0.000576s ]
INFO: [ app_begin ] --START--
INFO: Run Behavior\ReadHtmlCacheBehavior [ RunTime:0.000637s ]
INFO: [ app_begin ] --END-- [ RunTime:0.000672s ]
NOTIC: [8] Undefined index: user_id D:\phpstudy_pro\WWW\treehole\treehole\Application\Home\Controller\MessageController.class.php 第 14 行.

[ 2020-03-31T23:07:14+08:00 ] ::1 /treehole/treehole/index.php/home/Message/publish_new_message?user_id=1&username=%E5%BC%A0%E4%B8%89&face_url=xxx.jpg&content=%E4%B8%8D%E5%BC%80%E5%BF%83
INFO: [ app_init ] --START--
INFO: Run Behavior\BuildLiteBehavior [ RunTime:0.000006s ]
INFO: [ app_init ] --END-- [ RunTime:0.000439s ]
INFO: [ app_begin ] --START--
INFO: Run Behavior\ReadHtmlCacheBehavior [ RunTime:0.000449s ]
INFO: [ app_begin ] --END-- [ RunTime:0.000472s ]
NOTIC: [8] Undefined index: user_id D:\phpstudy_pro\WWW\treehole\treehole\Application\Home\Controller\MessageController.class.php 第 14 行.

[ 2020-03-31T23:07:16+08:00 ] ::1 /treehole/treehole/index.php/home/Message/publish_new_message?user_id=1&username=%E5%BC%A0%E4%B8%89&face_url=xxx.jpg&content=%E4%B8%8D%E5%BC%80%E5%BF%83
INFO: [ app_init ] --START--
INFO: Run Behavior\BuildLiteBehavior [ RunTime:0.000010s ]
INFO: [ app_init ] --END-- [ RunTime:0.000630s ]
INFO: [ app_begin ] --START--
INFO: Run Behavior\ReadHtmlCacheBehavior [ RunTime:0.000838s ]
INFO: [ app_begin ] --END-- [ RunTime:0.000885s ]
NOTIC: [8] Undefined index: user_id D:\phpstudy_pro\WWW\treehole\treehole\Application\Home\Controller\MessageController.class.php 第 14 行.

[ 2020-03-31T23:07:19+08:00 ] ::1 /treehole/treehole/index.php/home/Message/publish_new_message?user_id=1&username=%E5%BC%A0%E4%B8%89&face_url=xxx.jpg&content=%E4%B8%8D%E5%BC%80%E5%BF%83
INFO: [ app_init ] --START--
INFO: Run Behavior\BuildLiteBehavior [ RunTime:0.000010s ]
INFO: [ app_init ] --END-- [ RunTime:0.000643s ]
INFO: [ app_begin ] --START--
INFO: Run Behavior\ReadHtmlCacheBehavior [ RunTime:0.000615s ]
INFO: [ app_begin ] --END-- [ RunTime:0.000660s ]
NOTIC: [8] Undefined index: user_id D:\phpstudy_pro\WWW\treehole\treehole\Application\Home\Controller\MessageController.class.php 第 14 行.

[ 2020-03-31T23:07:20+08:00 ] ::1 /treehole/treehole/index.php/home/Message/publish_new_message?user_id=1&username=%E5%BC%A0%E4%B8%89&face_url=xxx.jpg&content=%E4%B8%8D%E5%BC%80%E5%BF%83
INFO: [ app_init ] --START--
INFO: Run Behavior\BuildLiteBehavior [ RunTime:0.000007s ]
INFO: [ app_init ] --END-- [ RunTime:0.000427s ]
INFO: [ app_begin ] --START--
INFO: Run Behavior\ReadHtmlCacheBehavior [ RunTime:0.000496s ]
INFO: [ app_begin ] --END-- [ RunTime:0.000522s ]
NOTIC: [8] Undefined index: user_id D:\phpstudy_pro\WWW\treehole\treehole\Application\Home\Controller\MessageController.class.php 第 14 行.

[ 2020-03-31T23:07:26+08:00 ] ::1 /treehole/treehole/index.php/home/Message/publish_new_message
INFO: [ app_init ] --START--
INFO: Run Behavior\BuildLiteBehavior [ RunTime:0.000010s ]
INFO: [ app_init ] --END-- [ RunTime:0.000633s ]
INFO: [ app_begin ] --START--
INFO: Run Behavior\ReadHtmlCacheBehavior [ RunTime:0.000755s ]
INFO: [ app_begin ] --END-- [ RunTime:0.000814s ]
NOTIC: [8] Undefined index: user_id D:\phpstudy_pro\WWW\treehole\treehole\Application\Home\Controller\MessageController.class.php 第 14 行.

[ 2020-03-31T23:07:35+08:00 ] ::1 /treehole/treehole/index.php/home/Message/publish_new_message?user_id=1
INFO: [ app_init ] --START--
INFO: Run Behavior\BuildLiteBehavior [ RunTime:0.000007s ]
INFO: [ app_init ] --END-- [ RunTime:0.000440s ]
INFO: [ app_begin ] --START--
INFO: Run Behavior\ReadHtmlCacheBehavior [ RunTime:0.000603s ]
INFO: [ app_begin ] --END-- [ RunTime:0.000638s ]
NOTIC: [8] Undefined index: user_id D:\phpstudy_pro\WWW\treehole\treehole\Application\Home\Controller\MessageController.class.php 第 14 行.

[ 2020-03-31T23:07:52+08:00 ] ::1 /treehole/treehole/index.php/home/Message/publish_new_message?user_id=1&username=hong&face_url=xxx.jpg&content=%E4%B8%8D%E5%BC%80%E5%BF%83
INFO: [ app_init ] --START--
INFO: Run Behavior\BuildLiteBehavior [ RunTime:0.000011s ]
INFO: [ app_init ] --END-- [ RunTime:0.000950s ]
INFO: [ app_begin ] --START--
INFO: Run Behavior\ReadHtmlCacheBehavior [ RunTime:0.000927s ]
INFO: [ app_begin ] --END-- [ RunTime:0.000968s ]
NOTIC: [8] Undefined index: user_id D:\phpstudy_pro\WWW\treehole\treehole\Application\Home\Controller\MessageController.class.php 第 14 行.

[ 2020-03-31T23:08:06+08:00 ] ::1 /treehole/treehole/index.php/home/Message/publish_new_message?user_id=1
INFO: [ app_init ] --START--
INFO: Run Behavior\BuildLiteBehavior [ RunTime:0.000009s ]
INFO: [ app_init ] --END-- [ RunTime:0.000601s ]
INFO: [ app_begin ] --START--
INFO: Run Behavior\ReadHtmlCacheBehavior [ RunTime:0.000764s ]
INFO: [ app_begin ] --END-- [ RunTime:0.000802s ]
NOTIC: [8] Undefined index: user_id D:\phpstudy_pro\WWW\treehole\treehole\Application\Home\Controller\MessageController.class.php 第 14 行.

[ 2020-03-31T23:08:10+08:00 ] ::1 /treehole/treehole/index.php/home/Message/publish_new_message?user_id=12
INFO: [ app_init ] --START--
INFO: Run Behavior\BuildLiteBehavior [ RunTime:0.000009s ]
INFO: [ app_init ] --END-- [ RunTime:0.000592s ]
INFO: [ app_begin ] --START--
INFO: Run Behavior\ReadHtmlCacheBehavior [ RunTime:0.000761s ]
INFO: [ app_begin ] --END-- [ RunTime:0.000803s ]
NOTIC: [8] Undefined index: user_id D:\phpstudy_pro\WWW\treehole\treehole\Application\Home\Controller\MessageController.class.php 第 14 行.

[ 2020-03-31T23:08:13+08:00 ] ::1 /treehole/treehole/index.php/home/Message/publish_new_message?user_id=12333131
INFO: [ app_init ] --START--
INFO: Run Behavior\BuildLiteBehavior [ RunTime:0.000010s ]
INFO: [ app_init ] --END-- [ RunTime:0.000700s ]
INFO: [ app_begin ] --START--
INFO: Run Behavior\ReadHtmlCacheBehavior [ RunTime:0.001015s ]
INFO: [ app_begin ] --END-- [ RunTime:0.001062s ]
NOTIC: [8] Undefined index: user_id D:\phpstudy_pro\WWW\treehole\treehole\Application\Home\Controller\MessageController.class.php 第 14 行.

[ 2020-03-31T23:08:53+08:00 ] ::1 /treehole/treehole/index.php/home/Message/publish_new_message
INFO: [ app_init ] --START--
INFO: Run Behavior\BuildLiteBehavior [ RunTime:0.000008s ]
INFO: [ app_init ] --END-- [ RunTime:0.000650s ]
INFO: [ app_begin ] --START--
INFO: Run Behavior\ReadHtmlCacheBehavior [ RunTime:0.000802s ]
INFO: [ app_begin ] --END-- [ RunTime:0.000854s ]
NOTIC: [8] Undefined index: user_id D:\phpstudy_pro\WWW\treehole\treehole\Application\Home\Controller\MessageController.class.php 第 14 行.

[ 2020-03-31T23:08:54+08:00 ] ::1 /treehole/treehole/index.php/home/Message/publish_new_message
INFO: [ app_init ] --START--
INFO: Run Behavior\BuildLiteBehavior [ RunTime:0.000014s ]
INFO: [ app_init ] --END-- [ RunTime:0.000678s ]
INFO: [ app_begin ] --START--
INFO: Run Behavior\ReadHtmlCacheBehavior [ RunTime:0.000746s ]
INFO: [ app_begin ] --END-- [ RunTime:0.000788s ]
NOTIC: [8] Undefined index: user_id D:\phpstudy_pro\WWW\treehole\treehole\Application\Home\Controller\MessageController.class.php 第 14 行.

[ 2020-03-31T23:09:01+08:00 ] ::1 /treehole/treehole/index.php/home/Message/publish_new_message?user_id=1
INFO: [ app_init ] --START--
INFO: Run Behavior\BuildLiteBehavior [ RunTime:0.000010s ]
INFO: [ app_init ] --END-- [ RunTime:0.000597s ]
INFO: [ app_begin ] --START--
INFO: Run Behavior\ReadHtmlCacheBehavior [ RunTime:0.000771s ]
INFO: [ app_begin ] --END-- [ RunTime:0.000817s ]
NOTIC: [8] Undefined index: user_id D:\phpstudy_pro\WWW\treehole\treehole\Application\Home\Controller\MessageController.class.php 第 14 行.

[ 2020-03-31T23:09:02+08:00 ] ::1 /treehole/treehole/index.php/home/Message/publish_new_message?user_id=1
INFO: [ app_init ] --START--
INFO: Run Behavior\BuildLiteBehavior [ RunTime:0.000010s ]
INFO: [ app_init ] --END-- [ RunTime:0.000488s ]
INFO: [ app_begin ] --START--
INFO: Run Behavior\ReadHtmlCacheBehavior [ RunTime:0.000727s ]
INFO: [ app_begin ] --END-- [ RunTime:0.000769s ]
NOTIC: [8] Undefined index: user_id D:\phpstudy_pro\WWW\treehole\treehole\Application\Home\Controller\MessageController.class.php 第 14 行.

[ 2020-03-31T23:09:29+08:00 ] ::1 /treehole/treehole/index.php/home/Message/publish_new_message?user_id=1
INFO: [ app_init ] --START--
INFO: Run Behavior\BuildLiteBehavior [ RunTime:0.000010s ]
INFO: [ app_init ] --END-- [ RunTime:0.000899s ]
INFO: [ app_begin ] --START--
INFO: Run Behavior\ReadHtmlCacheBehavior [ RunTime:0.001099s ]
INFO: [ app_begin ] --END-- [ RunTime:0.001174s ]
NOTIC: [8] Undefined index: user_id D:\phpstudy_pro\WWW\treehole\treehole\Application\Home\Controller\MessageController.class.php 第 14 行.

[ 2020-03-31T23:09:32+08:00 ] ::1 /treehole/treehole/index.php/home/Message/publish_new_message?user_id=1
INFO: [ app_init ] --START--
INFO: Run Behavior\BuildLiteBehavior [ RunTime:0.000009s ]
INFO: [ app_init ] --END-- [ RunTime:0.000627s ]
INFO: [ app_begin ] --START--
INFO: Run Behavior\ReadHtmlCacheBehavior [ RunTime:0.000773s ]
INFO: [ app_begin ] --END-- [ RunTime:0.000815s ]
NOTIC: [8] Undefined index: user_id D:\phpstudy_pro\WWW\treehole\treehole\Application\Home\Controller\MessageController.class.php 第 14 行.

[ 2020-03-31T23:10:01+08:00 ] ::1 /treehole/treehole/index.php/home/Message/publish_new_message?user_id=1
INFO: [ app_init ] --START--
INFO: Run Behavior\BuildLiteBehavior [ RunTime:0.000009s ]
INFO: [ app_init ] --END-- [ RunTime:0.000669s ]
INFO: [ app_begin ] --START--
INFO: Run Behavior\ReadHtmlCacheBehavior [ RunTime:0.000774s ]
INFO: [ app_begin ] --END-- [ RunTime:0.000815s ]
NOTIC: [8] Undefined index: username D:\phpstudy_pro\WWW\treehole\treehole\Application\Home\Controller\MessageController.class.php 第 16 行.

[ 2020-03-31T23:10:10+08:00 ] ::1 /treehole/treehole/index.php/home/Message/publish_new_message?user_id=1&username=213123
INFO: [ app_init ] --START--
INFO: Run Behavior\BuildLiteBehavior [ RunTime:0.000010s ]
INFO: [ app_init ] --END-- [ RunTime:0.000957s ]
INFO: [ app_begin ] --START--
INFO: Run Behavior\ReadHtmlCacheBehavior [ RunTime:0.002771s ]
INFO: [ app_begin ] --END-- [ RunTime:0.002856s ]
NOTIC: [8] Undefined index: username D:\phpstudy_pro\WWW\treehole\treehole\Application\Home\Controller\MessageController.class.php 第 16 行.

[ 2020-03-31T23:10:11+08:00 ] ::1 /treehole/treehole/index.php/home/Message/publish_new_message?user_id=1&username=213123
INFO: [ app_init ] --START--
INFO: Run Behavior\BuildLiteBehavior [ RunTime:0.000009s ]
INFO: [ app_init ] --END-- [ RunTime:0.001052s ]
INFO: [ app_begin ] --START--
INFO: Run Behavior\ReadHtmlCacheBehavior [ RunTime:0.000779s ]
INFO: [ app_begin ] --END-- [ RunTime:0.000816s ]
NOTIC: [8] Undefined index: username D:\phpstudy_pro\WWW\treehole\treehole\Application\Home\Controller\MessageController.class.php 第 16 行.

[ 2020-03-31T23:10:14+08:00 ] ::1 /treehole/treehole/index.php/home/Message/publish_new_message?username=213123
INFO: [ app_init ] --START--
INFO: Run Behavior\BuildLiteBehavior [ RunTime:0.000009s ]
INFO: [ app_init ] --END-- [ RunTime:0.000660s ]
INFO: [ app_begin ] --START--
INFO: Run Behavior\ReadHtmlCacheBehavior [ RunTime:0.000746s ]
INFO: [ app_begin ] --END-- [ RunTime:0.000784s ]
NOTIC: [8] Undefined index: username D:\phpstudy_pro\WWW\treehole\treehole\Application\Home\Controller\MessageController.class.php 第 16 行.

[ 2020-03-31T23:10:15+08:00 ] ::1 /treehole/treehole/index.php/home/Message/publish_new_message?username=213123
INFO: [ app_init ] --START--
INFO: Run Behavior\BuildLiteBehavior [ RunTime:0.000009s ]
INFO: [ app_init ] --END-- [ RunTime:0.000647s ]
INFO: [ app_begin ] --START--
INFO: Run Behavior\ReadHtmlCacheBehavior [ RunTime:0.002193s ]
INFO: [ app_begin ] --END-- [ RunTime:0.002238s ]
NOTIC: [8] Undefined index: username D:\phpstudy_pro\WWW\treehole\treehole\Application\Home\Controller\MessageController.class.php 第 16 行.

[ 2020-03-31T23:10:52+08:00 ] ::1 /treehole/treehole/index.php/home/Message/publish_new_message?username=213123
INFO: [ app_init ] --START--
INFO: Run Behavior\BuildLiteBehavior [ RunTime:0.000010s ]
INFO: [ app_init ] --END-- [ RunTime:0.000639s ]
INFO: [ app_begin ] --START--
INFO: Run Behavior\ReadHtmlCacheBehavior [ RunTime:0.001012s ]
INFO: [ app_begin ] --END-- [ RunTime:0.001062s ]
NOTIC: [8] Undefined index: username D:\phpstudy_pro\WWW\treehole\treehole\Application\Home\Controller\MessageController.class.php 第 16 行.

[ 2020-03-31T23:10:53+08:00 ] ::1 /treehole/treehole/index.php/home/Message/publish_new_message?username=213123
INFO: [ app_init ] --START--
INFO: Run Behavior\BuildLiteBehavior [ RunTime:0.000008s ]
INFO: [ app_init ] --END-- [ RunTime:0.000444s ]
INFO: [ app_begin ] --START--
INFO: Run Behavior\ReadHtmlCacheBehavior [ RunTime:0.000506s ]
INFO: [ app_begin ] --END-- [ RunTime:0.000533s ]
NOTIC: [8] Undefined index: username D:\phpstudy_pro\WWW\treehole\treehole\Application\Home\Controller\MessageController.class.php 第 16 行.

[ 2020-03-31T23:11:54+08:00 ] ::1 /treehole/treehole/index.php/home/Message/publish_new_message?username=213123
INFO: [ app_init ] --START--
INFO: Run Behavior\BuildLiteBehavior [ RunTime:0.000010s ]
INFO: [ app_init ] --END-- [ RunTime:0.000615s ]
INFO: [ app_begin ] --START--
INFO: Run Behavior\ReadHtmlCacheBehavior [ RunTime:0.000781s ]
INFO: [ app_begin ] --END-- [ RunTime:0.000833s ]
NOTIC: [8] Undefined index: user_id D:\phpstudy_pro\WWW\treehole\treehole\Application\Home\Controller\MessageController.class.php 第 14 行.

[ 2020-03-31T23:12:03+08:00 ] ::1 /treehole/treehole/index.php/home/Message/publish_new_message?user_id=1
INFO: [ app_init ] --START--
INFO: Run Behavior\BuildLiteBehavior [ RunTime:0.000011s ]
INFO: [ app_init ] --END-- [ RunTime:0.000985s ]
INFO: [ app_begin ] --START--
INFO: Run Behavior\ReadHtmlCacheBehavior [ RunTime:0.001087s ]
INFO: [ app_begin ] --END-- [ RunTime:0.001127s ]
NOTIC: [8] Undefined index: user_id D:\phpstudy_pro\WWW\treehole\treehole\Application\Home\Controller\MessageController.class.php 第 14 行.

[ 2020-03-31T23:12:04+08:00 ] ::1 /treehole/treehole/index.php/home/Message/publish_new_message?user_id=1
INFO: [ app_init ] --START--
INFO: Run Behavior\BuildLiteBehavior [ RunTime:0.000009s ]
INFO: [ app_init ] --END-- [ RunTime:0.000658s ]
INFO: [ app_begin ] --START--
INFO: Run Behavior\ReadHtmlCacheBehavior [ RunTime:0.000759s ]
INFO: [ app_begin ] --END-- [ RunTime:0.000806s ]
NOTIC: [8] Undefined index: user_id D:\phpstudy_pro\WWW\treehole\treehole\Application\Home\Controller\MessageController.class.php 第 14 行.

[ 2020-03-31T23:13:11+08:00 ] ::1 /treehole/treehole/index.php/home/Message/publish_new_message?user_id=1
INFO: [ app_init ] --START--
INFO: Run Behavior\BuildLiteBehavior [ RunTime:0.000007s ]
INFO: [ app_init ] --END-- [ RunTime:0.000574s ]
INFO: [ app_begin ] --START--
INFO: Run Behavior\ReadHtmlCacheBehavior [ RunTime:0.000767s ]
INFO: [ app_begin ] --END-- [ RunTime:0.000801s ]
NOTIC: [8] Undefined index: user_id D:\phpstudy_pro\WWW\treehole\treehole\Application\Home\Controller\MessageController.class.php 第 14 行.

[ 2020-03-31T23:13:13+08:00 ] ::1 /treehole/treehole/index.php/home/Message/publish_new_message?user_id=1
INFO: [ app_init ] --START--
INFO: Run Behavior\BuildLiteBehavior [ RunTime:0.000010s ]
INFO: [ app_init ] --END-- [ RunTime:0.000589s ]
INFO: [ app_begin ] --START--
INFO: Run Behavior\ReadHtmlCacheBehavior [ RunTime:0.000707s ]
INFO: [ app_begin ] --END-- [ RunTime:0.000755s ]
NOTIC: [8] Undefined index: user_id D:\phpstudy_pro\WWW\treehole\treehole\Application\Home\Controller\MessageController.class.php 第 14 行.

[ 2020-03-31T23:14:52+08:00 ] ::1 /treehole/treehole/index.php/home/Message/publish_new_message?user_id=1
INFO: [ app_init ] --START--
INFO: Run Behavior\BuildLiteBehavior [ RunTime:0.000007s ]
INFO: [ app_init ] --END-- [ RunTime:0.000523s ]
INFO: [ app_begin ] --START--
INFO: Run Behavior\ReadHtmlCacheBehavior [ RunTime:0.000602s ]
INFO: [ app_begin ] --END-- [ RunTime:0.000632s ]
NOTIC: [8] Undefined index: username D:\phpstudy_pro\WWW\treehole\treehole\Application\Home\Controller\MessageController.class.php 第 22 行.

[ 2020-03-31T23:14:57+08:00 ] ::1 /treehole/treehole/index.php/home/Message/publish_new_message?user_id=1
INFO: [ app_init ] --START--
INFO: Run Behavior\BuildLiteBehavior [ RunTime:0.000008s ]
INFO: [ app_init ] --END-- [ RunTime:0.000496s ]
INFO: [ app_begin ] --START--
INFO: Run Behavior\ReadHtmlCacheBehavior [ RunTime:0.000632s ]
INFO: [ app_begin ] --END-- [ RunTime:0.000664s ]
NOTIC: [8] Undefined index: username D:\phpstudy_pro\WWW\treehole\treehole\Application\Home\Controller\MessageController.class.php 第 22 行.

[ 2020-03-31T23:15:05+08:00 ] ::1 /treehole/treehole/index.php/home/Message/publish_new_message?user_id=1
INFO: [ app_init ] --START--
INFO: Run Behavior\BuildLiteBehavior [ RunTime:0.000009s ]
INFO: [ app_init ] --END-- [ RunTime:0.000604s ]
INFO: [ app_begin ] --START--
INFO: Run Behavior\ReadHtmlCacheBehavior [ RunTime:0.000736s ]
INFO: [ app_begin ] --END-- [ RunTime:0.000775s ]
NOTIC: [8] Undefined index: face_url D:\phpstudy_pro\WWW\treehole\treehole\Application\Home\Controller\MessageController.class.php 第 30 行.

[ 2020-03-31T23:15:36+08:00 ] ::1 /treehole/treehole/index.php/home/Message/publish_new_message?user_id=1
INFO: [ app_init ] --START--
INFO: Run Behavior\BuildLiteBehavior [ RunTime:0.000008s ]
INFO: [ app_init ] --END-- [ RunTime:0.000655s ]
INFO: [ app_begin ] --START--
INFO: Run Behavior\ReadHtmlCacheBehavior [ RunTime:0.000625s ]
INFO: [ app_begin ] --END-- [ RunTime:0.000690s ]
ERR: syntax error, unexpected '$User' (T_VARIABLE)

[ 2020-03-31T23:16:00+08:00 ] ::1 /treehole/treehole/index.php/home/Message/publish_new_message?user_id=1
INFO: [ app_init ] --START--
INFO: Run Behavior\BuildLiteBehavior [ RunTime:0.000006s ]
INFO: [ app_init ] --END-- [ RunTime:0.000394s ]
INFO: [ app_begin ] --START--
INFO: Run Behavior\ReadHtmlCacheBehavior [ RunTime:0.000570s ]
INFO: [ app_begin ] --END-- [ RunTime:0.000600s ]
SQL: SHOW COLUMNS FROM `user` [ RunTime:0.0610s ]
NOTIC: [8] Undefined variable: Message D:\phpstudy_pro\WWW\treehole\treehole\Application\Home\Controller\MessageController.class.php 第 58 行.
ERR: Call to a member function add() on null

[ 2020-03-31T23:16:32+08:00 ] ::1 /treehole/treehole/index.php/home/Message/publish_new_message?user_id=1
INFO: [ app_init ] --START--
INFO: Run Behavior\BuildLiteBehavior [ RunTime:0.000011s ]
INFO: [ app_init ] --END-- [ RunTime:0.000636s ]
INFO: [ app_begin ] --START--
INFO: Run Behavior\ReadHtmlCacheBehavior [ RunTime:0.001062s ]
INFO: [ app_begin ] --END-- [ RunTime:0.001115s ]
SQL: SHOW COLUMNS FROM `user` [ RunTime:0.0070s ]
NOTIC: [8] Undefined variable: Message D:\phpstudy_pro\WWW\treehole\treehole\Application\Home\Controller\MessageController.class.php 第 58 行.
ERR: Call to a member function add() on null

[ 2020-03-31T23:17:13+08:00 ] ::1 /treehole/treehole/index.php/home/Message/publish_new_message?user_id=1
INFO: [ app_init ] --START--
INFO: Run Behavior\BuildLiteBehavior [ RunTime:0.000010s ]
INFO: [ app_init ] --END-- [ RunTime:0.000635s ]
INFO: [ app_begin ] --START--
INFO: Run Behavior\ReadHtmlCacheBehavior [ RunTime:0.001099s ]
INFO: [ app_begin ] --END-- [ RunTime:0.001147s ]
SQL: SHOW COLUMNS FROM `message` [ RunTime:0.0668s ]
SQL: INSERT INTO `message` (`user_id`,`username`,`face_url`,`content`,`total_likes`,`send_timestamp`) VALUES ('1','洪','xxx.jpg','找BUG','0','1585667833') [ RunTime:0.0359s ]

[ 2020-03-31T23:25:49+08:00 ] ::1 /treehole/treehole/index.php/home/Message/publish_new_message
INFO: [ app_init ] --START--
INFO: Run Behavior\BuildLiteBehavior [ RunTime:0.000019s ]
INFO: [ app_init ] --END-- [ RunTime:0.001233s ]
INFO: [ app_begin ] --START--
INFO: Run Behavior\ReadHtmlCacheBehavior [ RunTime:0.001093s ]
INFO: [ app_begin ] --END-- [ RunTime:0.001162s ]
SQL: SHOW COLUMNS FROM `message` [ RunTime:0.0043s ]
SQL: INSERT INTO `message` (`user_id`,`username`,`face_url`,`content`,`total_likes`,`send_timestamp`) VALUES ('1','洪','xxx.jpg','找BUG','0','1585668349') [ RunTime:0.3574s ]

